TN:
SF:/home/obmetko/proga/Lab_Tests/Tests/C++/Array.cpp
FNL:0,16,21
FNA:0,8,_ZN5ArrayC2Ei
FNL:1,23,32
FNA:1,1,_ZN5ArrayC2ERKNSt7__cxx1112basic_stringIcSt11char_traitsIcESaIcEEE
FNL:2,3,14
FNA:2,1,_ZN5Array11extendArrayEv
FNL:3,34,39
FNA:3,8,_ZN5ArrayD2Ev
FNL:4,41,46
FNA:4,10,_ZN5Array10getElementB5cxx11Ei
FNL:5,48,53
FNA:5,2,_ZN5Array10setElementERKNSt7__cxx1112basic_stringIcSt11char_traitsIcESaIcEEEi
FNL:6,55,63
FNA:6,2,_ZN5Array13deleteElementEi
FNL:7,65,77
FNA:7,2,_ZN5Array17addElementAtIndexERKNSt7__cxx1112basic_stringIcSt11char_traitsIcESaIcEEEi
FNL:8,79,85
FNA:8,18,_ZN5Array13addElementEndERKNSt7__cxx1112basic_stringIcSt11char_traitsIcESaIcEEE
FNL:9,87,89
FNA:9,6,_ZNK5Array9getLengthEv
FNL:10,91,93
FNA:10,1,_ZN5Array7getHeadEv
FNL:11,95,97
FNA:11,2,_ZNK5Array7getSizeEv
FNL:12,99,106
FNA:12,2,_ZNK5Array9isInArrayERKNSt7__cxx1112basic_stringIcSt11char_traitsIcESaIcEEE
FNF:13
FNH:13
DA:3,1
DA:4,1
DA:5,5
DA:7,3
DA:8,2
DA:11,3
DA:12,1
DA:13,1
DA:14,1
DA:16,8
DA:17,8
DA:18,1
DA:20,30
DA:21,7
DA:23,1
DA:24,1
DA:25,0
DA:27,6
DA:29,10
DA:30,8
DA:32,1
DA:34,8
DA:35,38
DA:36,8
DA:37,8
DA:38,8
DA:39,8
DA:41,10
DA:42,10
DA:43,1
DA:45,9
DA:48,2
DA:49,2
DA:50,1
DA:52,1
DA:53,1
DA:55,2
DA:56,2
DA:57,1
DA:59,2
DA:60,1
DA:62,1
DA:63,1
DA:65,2
DA:66,2
DA:67,1
DA:69,1
DA:70,0
DA:72,2
DA:73,1
DA:75,1
DA:76,1
DA:77,1
DA:79,18
DA:80,18
DA:81,1
DA:83,18
DA:84,18
DA:85,18
DA:87,6
DA:88,6
DA:91,1
DA:92,1
DA:95,2
DA:96,2
DA:99,2
DA:100,6
DA:101,5
DA:102,1
DA:105,1
LF:70
LH:68
end_of_record
TN:
SF:/home/obmetko/proga/Lab_Tests/Tests/C++/Array.h
FNF:0
FNH:0
LF:0
LH:0
end_of_record
TN:
SF:/home/obmetko/proga/Lab_Tests/Tests/C++/BlackRedTree.cpp
FNL:0,111,130
FNA:0,42,_ZN6RBTree6insertEi
FNL:1,13,33
FNA:1,11,_ZN6RBTree10leftRotateEP7RBTNode
FNL:2,132,144
FNA:2,28,_ZN6RBTree8findNodeEi
FNL:3,146,158
FNA:3,10,_ZN6RBTree10transplantEP7RBTNodeS1_
FNL:4,160,251
FNA:4,7,_ZN6RBTree9fixDeleteEP7RBTNodeS1_
FNL:5,253,316
FNA:5,12,_ZN6RBTree3delEi
FNL:6,3,11
FNA:6,68,_ZN6RBTree16findNodePositionEP7RBTNodei
FNL:7,318,324
FNA:7,18,_ZN6RBTree3getEi
FNL:8,326,338
FNA:8,32,_ZN6RBTree16deleteBRTreeNodeEP7RBTNode
FNL:9,340,340
FNA:9,9,_ZN6RBTreeC2Ev
FNL:10,342,344
FNA:10,9,_ZN6RBTreeD2Ev
FNL:11,35,55
FNA:11,5,_ZN6RBTree11rightRotateEP7RBTNode
FNL:12,57,109
FNA:12,33,_ZN6RBTree12fixViolationEP7RBTNode
FNF:13
FNH:13
DA:3,68
DA:4,68
DA:5,24
DA:7,44
DA:8,43
DA:10,1
DA:13,11
DA:14,11
DA:15,11
DA:17,11
DA:18,3
DA:21,11
DA:23,11
DA:24,4
DA:25,7
DA:26,2
DA:28,5
DA:31,11
DA:32,11
DA:33,11
DA:35,5
DA:36,5
DA:37,5
DA:39,5
DA:40,1
DA:43,5
DA:45,5
DA:46,1
DA:47,4
DA:48,2
DA:50,2
DA:53,5
DA:54,5
DA:55,5
DA:57,33
DA:58,33
DA:60,52
DA:62,19
DA:63,7
DA:66,7
DA:67,5
DA:68,5
DA:69,5
DA:70,5
DA:73,2
DA:74,1
DA:75,1
DA:79,2
DA:80,2
DA:81,2
DA:85,12
DA:88,12
DA:89,6
DA:90,6
DA:91,6
DA:92,6
DA:95,6
DA:96,1
DA:97,1
DA:101,6
DA:102,6
DA:103,6
DA:108,33
DA:111,42
DA:112,42
DA:114,42
DA:115,8
DA:116,8
DA:117,8
DA:120,34
DA:121,33
DA:123,33
DA:124,14
DA:126,19
DA:129,33
DA:132,28
DA:133,28
DA:134,78
DA:135,68
DA:136,18
DA:137,50
DA:138,33
DA:140,17
DA:143,10
DA:146,10
DA:147,10
DA:148,1
DA:149,9
DA:150,5
DA:152,4
DA:155,10
DA:156,4
DA:158,10
DA:160,7
DA:161,15
DA:162,8
DA:163,0
DA:166,8
DA:167,5
DA:169,5
DA:171,1
DA:172,1
DA:173,1
DA:174,1
DA:177,5
DA:179,5
DA:180,4
DA:182,2
DA:183,2
DA:184,2
DA:186,3
DA:188,1
DA:189,1
DA:191,1
DA:192,1
DA:193,1
DA:197,3
DA:198,3
DA:199,3
DA:200,3
DA:203,3
DA:204,3
DA:205,3
DA:209,3
DA:211,3
DA:212,1
DA:213,1
DA:214,1
DA:215,1
DA:218,3
DA:220,3
DA:221,3
DA:222,3
DA:223,3
DA:224,3
DA:226,0
DA:227,0
DA:228,0
DA:230,0
DA:231,0
DA:232,0
DA:235,0
DA:236,0
DA:237,0
DA:238,0
DA:241,0
DA:242,0
DA:243,0
DA:248,7
DA:249,7
DA:251,7
DA:253,12
DA:254,12
DA:255,1
DA:258,11
DA:259,11
DA:260,1
DA:263,10
DA:264,10
DA:265,10
DA:266,10
DA:268,10
DA:270,6
DA:271,6
DA:272,6
DA:273,4
DA:275,1
DA:276,1
DA:277,1
DA:280,3
DA:281,3
DA:282,0
DA:285,3
DA:286,3
DA:287,3
DA:289,3
DA:290,3
DA:291,0
DA:293,3
DA:295,0
DA:296,0
DA:297,0
DA:298,0
DA:300,0
DA:303,3
DA:304,3
DA:305,3
DA:306,3
DA:308,3
DA:311,10
DA:313,10
DA:314,7
DA:316,10
DA:318,18
DA:319,18
DA:320,1
DA:322,17
DA:323,17
DA:326,32
DA:327,32
DA:328,31
DA:329,31
DA:330,31
DA:331,14
DA:333,31
DA:334,9
DA:337,32
DA:338,32
DA:340,9
DA:342,9
DA:343,9
DA:344,9
LF:212
LH:191
end_of_record
TN:
SF:/home/obmetko/proga/Lab_Tests/Tests/C++/ChainMap.cpp
FNL:0,11,21
FNA:0,9,_ZN8ChainMapD2Ev
FNL:1,117,129
FNA:1,9,_ZN8ChainMap9isContainERKNSt7__cxx1112basic_stringIcSt11char_traitsIcESaIcEEE
FNL:2,131,143
FNA:2,6,_ZN8ChainMap4findERKNSt7__cxx1112basic_stringIcSt11char_traitsIcESaIcEEE
FNL:3,145,160
FNA:3,1,_ZNK8ChainMap13printContentsEv
FNL:4,23,25
FNA:4,36,_ZN8ChainMap12hashFunctionERKNSt7__cxx1112basic_stringIcSt11char_traitsIcESaIcEEE
FNL:5,27,47
FNA:5,1,_ZN8ChainMap6rehashEv
FNL:6,3,3
FNA:6,19,_ZN9ChainNodeC2ERKNSt7__cxx1112basic_stringIcSt11char_traitsIcESaIcEEEi
FNL:7,49,57
FNA:7,2,_ZNK8ChainMap10getAllKeysERS_
FNL:8,5,5
FNA:8,81,_ZN6BucketC2Ev
FNL:9,59,72
FNA:9,1,_ZNK8ChainMap18getAllKeysAsStringB5cxx11Ev
FNL:10,7,9
FNA:10,9,_ZN8ChainMapC2Em
FNL:11,74,94
FNA:11,20,_ZN8ChainMap3addERKNSt7__cxx1112basic_stringIcSt11char_traitsIcESaIcEEEi
FNL:12,96,115
FNA:12,1,_ZN8ChainMap3delERKNSt7__cxx1112basic_stringIcSt11char_traitsIcESaIcEEE
FNF:13
FNH:13
DA:3,19
DA:5,81
DA:7,18
DA:8,9
DA:9,86
DA:11,9
DA:12,88
DA:13,79
DA:14,97
DA:15,18
DA:16,18
DA:17,18
DA:20,9
DA:21,9
DA:23,36
DA:24,36
DA:27,1
DA:28,1
DA:29,5
DA:31,3
DA:32,2
DA:33,4
DA:34,2
DA:35,2
DA:37,2
DA:38,2
DA:40,2
DA:44,1
DA:45,1
DA:46,1
DA:47,1
DA:49,2
DA:50,22
DA:51,20
DA:52,26
DA:53,6
DA:54,6
DA:57,2
DA:59,1
DA:60,1
DA:61,1
DA:62,1
DA:64,11
DA:65,10
DA:66,13
DA:67,3
DA:68,3
DA:71,1
DA:72,1
DA:74,20
DA:75,20
DA:76,1
DA:79,20
DA:80,20
DA:82,25
DA:83,6
DA:84,1
DA:85,1
DA:87,5
DA:90,19
DA:91,19
DA:92,19
DA:93,19
DA:96,1
DA:97,1
DA:98,1
DA:99,1
DA:101,1
DA:102,1
DA:103,1
DA:104,1
DA:106,0
DA:108,1
DA:109,1
DA:110,1
DA:112,0
DA:113,0
DA:117,9
DA:118,9
DA:119,9
DA:121,11
DA:122,10
DA:123,8
DA:125,2
DA:128,1
DA:131,6
DA:132,6
DA:133,6
DA:135,6
DA:136,5
DA:137,5
DA:139,0
DA:142,1
DA:145,1
DA:146,1
DA:147,6
DA:148,5
DA:149,5
DA:150,5
DA:151,2
DA:152,0
DA:153,0
DA:155,2
DA:157,5
DA:159,1
DA:160,1
LF:106
LH:100
end_of_record
TN:
SF:/home/obmetko/proga/Lab_Tests/Tests/C++/ChainMap.h
FNF:0
FNH:0
LF:0
LH:0
end_of_record
TN:
SF:/home/obmetko/proga/Lab_Tests/Tests/C++/DoubleList.cpp
FNL:0,108,122
FNA:0,1,_ZN10DoubleList10deleteHeadEv
FNL:1,124,138
FNA:1,1,_ZN10DoubleList10deleteTailEv
FNL:2,14,19
FNA:2,26,_ZNK10DoubleList13validateIndexEib
FNL:3,140,153
FNA:3,2,_ZN10DoubleList13deleteByValueERKNSt7__cxx1112basic_stringIcSt11char_traitsIcESaIcEEE
FNL:4,155,157
FNA:4,15,_ZNK10DoubleList10getElementB5cxx11Ei
FNL:5,159,163
FNA:5,2,_ZN10DoubleList10popElementB5cxx11Ei
FNL:6,165,172
FNA:6,2,_ZNK10DoubleList11findByValueERKNSt7__cxx1112basic_stringIcSt11char_traitsIcESaIcEEE
FNL:7,174,176
FNA:7,3,_ZNK10DoubleList7isEmptyEv
FNL:8,178,180
FNA:8,6,_ZNK10DoubleList9getLengthEv
FNL:9,21,37
FNA:9,20,_ZNK10DoubleList9getNodeAtEi
FNL:10,39,56
FNA:10,2,_ZN10DoubleList8addAfterERKNSt7__cxx1112basic_stringIcSt11char_traitsIcESaIcEEEi
FNL:11,5,12
FNA:11,7,_ZN10DoubleListD2Ev
FNL:12,58,64
FNA:12,1,_ZN10DoubleList9addBeforeERKNSt7__cxx1112basic_stringIcSt11char_traitsIcESaIcEEEi
FNL:13,66,77
FNA:13,5,_ZN10DoubleList7addHeadERKNSt7__cxx1112basic_stringIcSt11char_traitsIcESaIcEEE
FNL:14,79,90
FNA:14,17,_ZN10DoubleList7addTailERKNSt7__cxx1112basic_stringIcSt11char_traitsIcESaIcEEE
FNL:15,92,106
FNA:15,4,_ZN10DoubleList8deleteAtEi
FNF:16
FNH:16
DA:5,7
DA:6,7
DA:7,26
DA:8,19
DA:9,19
DA:10,19
DA:12,7
DA:14,26
DA:15,26
DA:16,26
DA:17,3
DA:19,23
DA:21,20
DA:22,20
DA:24,18
DA:25,15
DA:26,29
DA:27,14
DA:29,15
DA:31,3
DA:32,3
DA:33,0
DA:35,3
DA:39,2
DA:40,2
DA:42,2
DA:43,2
DA:45,2
DA:46,2
DA:48,2
DA:49,1
DA:51,1
DA:53,2
DA:55,2
DA:56,2
DA:58,1
DA:59,1
DA:60,1
DA:62,0
DA:64,1
DA:66,5
DA:67,5
DA:68,5
DA:70,5
DA:71,1
DA:73,4
DA:75,5
DA:76,5
DA:77,5
DA:79,17
DA:80,17
DA:81,17
DA:83,17
DA:84,14
DA:86,3
DA:88,17
DA:89,17
DA:90,17
DA:92,4
DA:93,4
DA:95,3
DA:96,0
DA:97,3
DA:98,0
DA:100,3
DA:101,3
DA:102,3
DA:103,3
DA:104,3
DA:106,3
DA:108,1
DA:109,1
DA:111,1
DA:112,1
DA:114,1
DA:115,0
DA:117,1
DA:120,1
DA:121,1
DA:124,1
DA:125,1
DA:127,1
DA:128,1
DA:130,1
DA:131,0
DA:133,1
DA:136,1
DA:137,1
DA:140,2
DA:141,2
DA:142,2
DA:144,5
DA:145,4
DA:146,1
DA:147,1
DA:149,3
DA:150,3
DA:152,1
DA:155,15
DA:156,15
DA:159,2
DA:160,2
DA:161,1
DA:162,1
DA:163,0
DA:165,2
DA:166,2
DA:167,5
DA:168,4
DA:169,3
DA:171,1
DA:174,3
DA:175,3
DA:178,6
DA:179,6
LF:115
LH:108
end_of_record
TN:
SF:/home/obmetko/proga/Lab_Tests/Tests/C++/DoubleList.h
FNF:0
FNH:0
LF:0
LH:0
end_of_record
TN:
SF:/home/obmetko/proga/Lab_Tests/Tests/C++/ForwardList.cpp
FNL:0,107,126
FNA:0,2,_ZN11ForwardList7popBackEv
FNL:1,128,142
FNA:1,2,_ZN11ForwardList11removeAfterEP6FWNode
FNL:2,144,171
FNA:2,2,_ZN11ForwardList13removeByValueERKNSt7__cxx1112basic_stringIcSt11char_traitsIcESaIcEEE
FNL:3,173,178
FNA:3,3,_ZNK11ForwardList5frontB5cxx11Ev
FNL:4,18,23
FNA:4,11,_ZNK11ForwardList16validatePositionEib
FNL:5,180,185
FNA:5,3,_ZNK11ForwardList4backB5cxx11Ev
FNL:6,187,189
FNA:6,7,_ZNK11ForwardList5getAtB5cxx11Em
FNL:7,191,198
FNA:7,3,_ZNK11ForwardList11findByValueERKNSt7__cxx1112basic_stringIcSt11char_traitsIcESaIcEEE
FNL:8,200,202
FNA:8,1,_ZNK11ForwardList7isEmptyEv
FNL:9,204,206
FNA:9,4,_ZNK11ForwardList7getSizeEv
FNL:10,25,33
FNA:10,9,_ZNK11ForwardList9getNodeAtEi
FNL:11,35,45
FNA:11,11,_ZN11ForwardList8pushBackERKNSt7__cxx1112basic_stringIcSt11char_traitsIcESaIcEEE
FNL:12,47,56
FNA:12,2,_ZN11ForwardList9pushFrontERKNSt7__cxx1112basic_stringIcSt11char_traitsIcESaIcEEE
FNL:13,5,7
FNA:13,6,_ZN11ForwardListC2Ev
FNL:14,58,74
FNA:14,2,_ZN11ForwardList12insertBeforeERKNSt7__cxx1112basic_stringIcSt11char_traitsIcESaIcEEEi
FNL:15,76,89
FNA:15,1,_ZN11ForwardList11insertAfterERKNSt7__cxx1112basic_stringIcSt11char_traitsIcESaIcEEEi
FNL:16,9,16
FNA:16,6,_ZN11ForwardListD2Ev
FNL:17,91,105
FNA:17,2,_ZN11ForwardList8popFrontEv
FNF:18
FNH:18
DA:5,6
DA:6,6
DA:7,6
DA:9,6
DA:10,6
DA:11,17
DA:12,11
DA:13,11
DA:14,11
DA:16,6
DA:18,11
DA:19,11
DA:20,11
DA:21,1
DA:23,10
DA:25,9
DA:26,9
DA:28,8
DA:29,14
DA:30,6
DA:32,8
DA:35,11
DA:36,11
DA:38,11
DA:39,4
DA:41,7
DA:42,7
DA:44,11
DA:45,11
DA:47,2
DA:48,2
DA:49,2
DA:51,2
DA:52,1
DA:54,2
DA:55,2
DA:56,2
DA:58,2
DA:59,2
DA:60,1
DA:61,1
DA:64,1
DA:65,1
DA:66,1
DA:67,1
DA:68,1
DA:70,1
DA:71,0
DA:73,1
DA:76,1
DA:77,1
DA:79,1
DA:80,0
DA:81,0
DA:84,1
DA:85,1
DA:86,1
DA:87,1
DA:88,1
DA:91,2
DA:92,2
DA:93,1
DA:96,1
DA:97,1
DA:99,1
DA:100,0
DA:103,1
DA:104,1
DA:105,1
DA:107,2
DA:108,2
DA:109,1
DA:112,1
DA:113,0
DA:114,0
DA:116,1
DA:117,2
DA:118,1
DA:121,1
DA:122,1
DA:123,1
DA:125,1
DA:126,1
DA:128,2
DA:129,2
DA:130,1
DA:133,1
DA:134,1
DA:136,1
DA:137,0
DA:140,1
DA:141,1
DA:142,1
DA:144,2
DA:145,2
DA:147,1
DA:148,0
DA:149,0
DA:152,1
DA:153,2
DA:154,1
DA:157,1
DA:158,1
DA:159,1
DA:161,1
DA:162,0
DA:165,1
DA:166,1
DA:167,1
DA:170,0
DA:173,3
DA:174,3
DA:175,1
DA:177,2
DA:180,3
DA:181,3
DA:182,1
DA:184,2
DA:187,7
DA:188,7
DA:191,3
DA:192,3
DA:193,7
DA:194,6
DA:195,4
DA:197,1
DA:200,1
DA:201,1
DA:204,4
DA:205,4
LF:130
LH:119
end_of_record
TN:
SF:/home/obmetko/proga/Lab_Tests/Tests/C++/ForwardList.h
FNF:0
FNH:0
LF:0
LH:0
end_of_record
TN:
SF:/home/obmetko/proga/Lab_Tests/Tests/C++/Queue.cpp
FNL:0,17,32
FNA:0,1010,_ZN5Queue7enqueueERKNSt7__cxx1112basic_stringIcSt11char_traitsIcESaIcEEE
FNL:1,3,5
FNA:1,5,_ZN5QueueC2Em
FNL:2,34,57
FNA:2,3,_ZN5Queue7dequeueB5cxx11Ev
FNL:3,59,89
FNA:3,4,_ZN5Queue3delERKNSt7__cxx1112basic_stringIcSt11char_traitsIcESaIcEEE
FNL:4,7,15
FNA:4,5,_ZN5QueueD2Ev
FNL:5,91,93
FNA:5,8,_ZN5Queue7getSizeEv
FNL:6,95,97
FNA:6,2,_ZN5Queue7getHeadEv
FNF:7
FNH:7
DA:3,5
DA:4,5
DA:5,5
DA:7,5
DA:8,5
DA:10,1009
DA:11,1004
DA:12,1004
DA:13,1004
DA:15,5
DA:17,1010
DA:18,1010
DA:19,1
DA:22,1009
DA:23,1009
DA:24,6
DA:25,6
DA:28,1003
DA:29,1003
DA:31,1009
DA:32,1009
DA:34,3
DA:35,3
DA:36,1
DA:40,2
DA:41,1
DA:42,1
DA:43,1
DA:44,1
DA:45,1
DA:46,1
DA:47,1
DA:48,0
DA:50,1
DA:51,1
DA:52,1
DA:53,1
DA:54,1
DA:55,1
DA:56,1
DA:57,1
DA:59,4
DA:60,4
DA:61,6
DA:62,2
DA:65,4
DA:66,1
DA:69,3
DA:70,2
DA:71,2
DA:72,1
DA:75,1
DA:78,3
DA:79,1
DA:80,1
DA:81,0
DA:84,2
DA:87,3
DA:88,3
DA:91,8
DA:92,8
DA:95,2
DA:96,2
LF:63
LH:61
end_of_record
TN:
SF:/home/obmetko/proga/Lab_Tests/Tests/C++/Queue.h
FNF:0
FNH:0
LF:0
LH:0
end_of_record
TN:
SF:/home/obmetko/proga/Lab_Tests/Tests/C++/Stack.cpp
FNL:0,10,11
FNA:0,3,_ZN5StackC2Ev
FNL:1,13,21
FNA:1,5,_ZN5Stack4pushEi
FNL:2,23,34
FNA:2,5,_ZN5Stack3popEv
FNL:3,3,8
FNA:3,4,_ZN5Stack11createSNodeEi
FNL:4,36,38
FNA:4,2,_ZN5Stack7isEmptyEv
FNL:5,40,42
FNA:5,2,_ZN5Stack7getSizeEv
FNF:6
FNH:6
DA:3,4
DA:4,4
DA:5,4
DA:6,4
DA:7,4
DA:10,3
DA:11,3
DA:13,5
DA:14,5
DA:15,1
DA:17,4
DA:18,4
DA:19,4
DA:20,4
DA:21,4
DA:23,5
DA:24,5
DA:25,1
DA:28,4
DA:29,4
DA:30,4
DA:31,4
DA:32,4
DA:33,4
DA:36,2
DA:37,2
DA:40,2
DA:41,2
LF:28
LH:28
end_of_record
TN:
SF:/home/obmetko/proga/Lab_Tests/Tests/C++/test3.cpp
FNL:0,116,130
FNA:0,1,_ZN15DoubleListTests20DoubleListFindAndPop11test_methodEv
FNA:0,1,_ZN15DoubleListTestsL28DoubleListFindAndPop_invokerEv
FNL:1,132,145
FNA:1,1,_ZN15DoubleListTests19DoubleListEdgeCases11test_methodEv
FNA:1,1,_ZN15DoubleListTestsL27DoubleListEdgeCases_invokerEv
FNL:2,147,157
FNA:2,1,_ZN15DoubleListTests24DoubleListAddBeforeAfter11test_methodEv
FNA:2,1,_ZN15DoubleListTestsL32DoubleListAddBeforeAfter_invokerEv
FNL:3,15,25
FNA:3,1,_ZN10ArrayTests34ArrayConstructorAndBasicOperations11test_methodEv
FNA:3,1,_ZN10ArrayTestsL42ArrayConstructorAndBasicOperations_invokerEv
FNL:4,159,171
FNA:4,1,_ZN15DoubleListTests23DoubleListDeleteByValue11test_methodEv
FNA:4,1,_ZN15DoubleListTestsL31DoubleListDeleteByValue_invokerEv
FNL:5,173,178
FNA:5,1,_ZN15DoubleListTests20DoubleListExceptions11test_methodEv
FNA:5,1,_ZN15DoubleListTestsL28DoubleListExceptions_invokerEv
FNL:6,180,187
FNA:6,1,_ZN15DoubleListTests27DoubleListFromTailTraversal11test_methodEv
FNA:6,1,_ZN15DoubleListTestsL35DoubleListFromTailTraversal_invokerEv
FNL:7,193,203
FNA:7,1,_ZN16ForwardListTests26ForwardListBasicOperations11test_methodEv
FNA:7,1,_ZN16ForwardListTestsL34ForwardListBasicOperations_invokerEv
FNL:8,205,226
FNA:8,1,_ZN16ForwardListTests23ForwardListInsertRemove11test_methodEv
FNA:8,1,_ZN16ForwardListTestsL31ForwardListInsertRemove_invokerEv
FNL:9,228,240
FNA:9,1,_ZN16ForwardListTests15ForwardListFind11test_methodEv
FNA:9,1,_ZN16ForwardListTestsL23ForwardListFind_invokerEv
FNL:10,242,254
FNA:10,1,_ZN16ForwardListTests22ForwardListRemoveAfter11test_methodEv
FNA:10,1,_ZN16ForwardListTestsL30ForwardListRemoveAfter_invokerEv
FNL:11,256,267
FNA:11,1,_ZN16ForwardListTests21ForwardListExceptions11test_methodEv
FNA:11,1,_ZN16ForwardListTestsL29ForwardListExceptions_invokerEv
FNL:12,269,274
FNA:12,1,_ZN16ForwardListTests26ForwardListEmptyOperations11test_methodEv
FNA:12,1,_ZN16ForwardListTestsL34ForwardListEmptyOperations_invokerEv
FNL:13,27,32
FNA:13,1,_ZN10ArrayTests22ArrayStringConstructor11test_methodEv
FNA:13,1,_ZN10ArrayTestsL30ArrayStringConstructor_invokerEv
FNL:14,280,291
FNA:14,1,_ZN10QueueTests19QueueEnqueueDequeue11test_methodEv
FNA:14,1,_ZN10QueueTestsL27QueueEnqueueDequeue_invokerEv
FNL:15,293,307
FNA:15,1,_ZN10QueueTests11QueueDelete11test_methodEv
FNA:15,1,_ZN10QueueTestsL19QueueDelete_invokerEv
FNL:16,309,321
FNA:16,1,_ZN10QueueTests14QueueEdgeCases11test_methodEv
FNA:16,1,_ZN10QueueTestsL22QueueEdgeCases_invokerEv
FNL:17,323,331
FNA:17,1,_ZN10QueueTests15QueueExceptions11test_methodEv
FNA:17,1,_ZN10QueueTestsL23QueueExceptions_invokerEv
FNL:18,333,338
FNA:18,1,_ZN10QueueTests12QueueGetHead11test_methodEv
FNA:18,1,_ZN10QueueTestsL20QueueGetHead_invokerEv
FNL:19,34,50
FNA:19,1,_ZN10ArrayTests17ArrayAddAndDelete11test_methodEv
FNA:19,1,_ZN10ArrayTestsL25ArrayAddAndDelete_invokerEv
FNL:20,344,353
FNA:20,1,_ZN10StackTests12StackPushPop11test_methodEv
FNA:20,1,_ZN10StackTestsL20StackPushPop_invokerEv
FNL:21,355,365
FNA:21,1,_ZN10StackTests22StackOverflowUnderflow11test_methodEv
FNA:21,1,_ZN10StackTestsL30StackOverflowUnderflow_invokerEv
FNL:22,367,371
FNA:22,1,_ZN10StackTests20StackEmptyOperations11test_methodEv
FNA:22,1,_ZN10StackTestsL28StackEmptyOperations_invokerEv
FNL:23,377,385
FNA:23,1,_ZN13ChainMapTests15ChainMapAddFind11test_methodEv
FNA:23,1,_ZN13ChainMapTestsL23ChainMapAddFind_invokerEv
FNL:24,387,396
FNA:24,1,_ZN13ChainMapTests14ChainMapDelete11test_methodEv
FNA:24,1,_ZN13ChainMapTestsL22ChainMapDelete_invokerEv
FNL:25,398,408
FNA:25,1,_ZN13ChainMapTests14ChainMapRehash11test_methodEv
FNA:25,1,_ZN13ChainMapTestsL22ChainMapRehash_invokerEv
FNL:26,410,416
FNA:26,1,_ZN13ChainMapTests19ChainMapUpdateValue11test_methodEv
FNA:26,1,_ZN13ChainMapTestsL27ChainMapUpdateValue_invokerEv
FNL:27,418,433
FNA:27,1,_ZN13ChainMapTests18ChainMapGetAllKeys11test_methodEv
FNA:27,1,_ZN13ChainMapTestsL26ChainMapGetAllKeys_invokerEv
FNL:28,435,438
FNA:28,1,_ZN13ChainMapTests18ChainMapExceptions11test_methodEv
FNA:28,1,_ZN13ChainMapTestsL26ChainMapExceptions_invokerEv
FNL:29,440,445
FNA:29,1,_ZN13ChainMapTests21ChainMapPrintContents11test_methodEv
FNA:29,1,_ZN13ChainMapTestsL29ChainMapPrintContents_invokerEv
FNL:30,451,457
FNA:30,1,_ZN11RBTreeTests21firstFixViolationTest11test_methodEv
FNA:30,1,_ZN11RBTreeTestsL29firstFixViolationTest_invokerEv
FNL:31,459,466
FNA:31,1,_ZN11RBTreeTests22secondFixViolationTest11test_methodEv
FNA:31,1,_ZN11RBTreeTestsL30secondFixViolationTest_invokerEv
FNL:32,468,475
FNA:32,1,_ZN11RBTreeTests21thirdFixViolationTest11test_methodEv
FNA:32,1,_ZN11RBTreeTestsL29thirdFixViolationTest_invokerEv
FNL:33,477,484
FNA:33,1,_ZN11RBTreeTests21sixthFixViolationTest11test_methodEv
FNA:33,1,_ZN11RBTreeTestsL29sixthFixViolationTest_invokerEv
FNL:34,486,503
FNA:34,1,_ZN11RBTreeTests23RBTreeComplexOperations11test_methodEv
FNA:34,1,_ZN11RBTreeTestsL31RBTreeComplexOperations_invokerEv
FNL:35,505,509
FNA:35,1,_ZN11RBTreeTests21RBTreeEmptyOperations11test_methodEv
FNA:35,1,_ZN11RBTreeTestsL29RBTreeEmptyOperations_invokerEv
FNL:36,511,515
FNA:36,1,_ZN11RBTreeTests21RBTreeDuplicateInsert11test_methodEv
FNA:36,1,_ZN11RBTreeTestsL29RBTreeDuplicateInsert_invokerEv
FNL:37,517,525
FNA:37,1,_ZN11RBTreeTests18RBTreeRootDeletion11test_methodEv
FNA:37,1,_ZN11RBTreeTestsL26RBTreeRootDeletion_invokerEv
FNL:38,52,60
FNA:38,1,_ZN10ArrayTests11ArraySearch11test_methodEv
FNA:38,1,_ZN10ArrayTestsL19ArraySearch_invokerEv
FNL:39,527,551
FNA:39,1,_ZN11RBTreeTests30RBTreeComplexDeletionScenarios11test_methodEv
FNA:39,1,_ZN11RBTreeTestsL38RBTreeComplexDeletionScenarios_invokerEv
FNL:40,62,69
FNA:40,1,_ZN10ArrayTests15ArrayExceptions11test_methodEv
FNA:40,1,_ZN10ArrayTestsL23ArrayExceptions_invokerEv
FNL:41,71,77
FNA:41,1,_ZN10ArrayTests15ArraySetElement11test_methodEv
FNA:41,1,_ZN10ArrayTestsL23ArraySetElement_invokerEv
FNL:42,79,86
FNA:42,1,_ZN10ArrayTests11ArrayExtend11test_methodEv
FNA:42,1,_ZN10ArrayTestsL19ArrayExtend_invokerEv
FNL:43,88,93
FNA:43,1,_ZN10ArrayTests12ArrayGetHead11test_methodEv
FNA:43,1,_ZN10ArrayTestsL20ArrayGetHead_invokerEv
FNL:44,99,114
FNA:44,1,_ZN15DoubleListTests22DoubleListAddAndRemove11test_methodEv
FNA:44,1,_ZN15DoubleListTestsL30DoubleListAddAndRemove_invokerEv
FNF:45
FNH:45
DA:15,2
DA:16,1
DA:17,1
DA:18,1
DA:20,2
DA:21,1
DA:22,1
DA:23,1
DA:24,1
DA:25,1
DA:27,2
DA:28,1
DA:29,1
DA:30,1
DA:31,1
DA:32,1
DA:34,2
DA:35,1
DA:36,2
DA:37,2
DA:38,1
DA:40,1
DA:42,1
DA:43,1
DA:44,1
DA:45,1
DA:47,1
DA:48,1
DA:49,1
DA:50,1
DA:52,2
DA:53,1
DA:54,2
DA:55,2
DA:56,1
DA:58,2
DA:59,2
DA:60,1
DA:62,2
DA:63,1
DA:64,1
DA:65,1
DA:66,3
DA:67,1
DA:68,3
DA:69,1
DA:71,2
DA:72,1
DA:73,2
DA:74,2
DA:75,1
DA:76,1
DA:77,1
DA:79,2
DA:80,1
DA:81,2
DA:82,2
DA:83,1
DA:84,1
DA:85,1
DA:86,1
DA:88,2
DA:89,1
DA:90,1
DA:91,1
DA:92,1
DA:93,1
DA:99,2
DA:100,1
DA:101,2
DA:102,2
DA:103,1
DA:105,1
DA:106,1
DA:107,1
DA:108,1
DA:110,1
DA:111,1
DA:112,1
DA:113,1
DA:114,1
DA:116,2
DA:117,1
DA:118,2
DA:119,2
DA:120,2
DA:122,1
DA:123,1
DA:125,1
DA:126,1
DA:127,1
DA:129,3
DA:130,1
DA:132,2
DA:133,1
DA:134,1
DA:136,1
DA:137,1
DA:139,1
DA:140,1
DA:142,1
DA:143,1
DA:144,1
DA:145,1
DA:147,2
DA:148,1
DA:149,2
DA:150,2
DA:151,1
DA:153,1
DA:154,1
DA:155,1
DA:156,1
DA:157,1
DA:159,2
DA:160,1
DA:161,2
DA:162,2
DA:163,2
DA:165,1
DA:166,1
DA:167,1
DA:168,1
DA:170,3
DA:171,1
DA:173,2
DA:174,1
DA:175,1
DA:176,1
DA:177,1
DA:178,1
DA:180,2
DA:181,1
DA:182,11
DA:183,10
DA:185,1
DA:186,1
DA:187,1
DA:193,2
DA:194,1
DA:195,2
DA:196,2
DA:197,1
DA:199,1
DA:200,1
DA:201,1
DA:202,1
DA:203,1
DA:205,2
DA:206,1
DA:207,2
DA:208,2
DA:209,2
DA:211,1
DA:212,1
DA:214,1
DA:215,1
DA:217,1
DA:218,1
DA:219,1
DA:221,1
DA:222,1
DA:224,1
DA:225,1
DA:226,1
DA:228,2
DA:229,1
DA:230,2
DA:231,2
DA:232,2
DA:234,1
DA:235,1
DA:236,1
DA:238,1
DA:239,1
DA:240,1
DA:242,2
DA:243,1
DA:244,2
DA:245,2
DA:246,2
DA:248,1
DA:249,1
DA:251,1
DA:252,1
DA:253,1
DA:254,1
DA:256,2
DA:257,1
DA:258,1
DA:259,1
DA:260,1
DA:261,1
DA:262,1
DA:264,1
DA:265,1
DA:266,1
DA:267,1
DA:269,2
DA:270,1
DA:271,1
DA:272,1
DA:273,3
DA:274,1
DA:280,2
DA:281,1
DA:282,2
DA:283,2
DA:284,1
DA:286,1
DA:288,1
DA:289,1
DA:290,1
DA:291,1
DA:293,2
DA:294,1
DA:295,2
DA:296,2
DA:297,2
DA:299,1
DA:300,1
DA:302,1
DA:303,1
DA:305,1
DA:306,1
DA:307,1
DA:309,2
DA:310,1
DA:311,1
DA:313,1
DA:314,1
DA:315,1
DA:316,1
DA:318,2
DA:319,1
DA:320,1
DA:321,1
DA:323,2
DA:324,1
DA:325,1
DA:327,1001
DA:328,1000
DA:330,3
DA:331,1
DA:333,2
DA:334,1
DA:335,1
DA:336,1
DA:337,1
DA:338,1
DA:344,2
DA:345,1
DA:346,1
DA:347,1
DA:349,1
DA:350,1
DA:351,1
DA:352,1
DA:353,1
DA:355,2
DA:356,1
DA:357,1
DA:358,1
DA:360,1
DA:362,1
DA:363,1
DA:364,1
DA:365,1
DA:367,2
DA:368,1
DA:369,1
DA:370,1
DA:371,1
DA:377,2
DA:378,1
DA:379,2
DA:380,1
DA:382,3
DA:383,2
DA:384,2
DA:385,1
DA:387,2
DA:388,1
DA:389,2
DA:390,2
DA:392,1
DA:393,3
DA:394,3
DA:395,2
DA:396,1
DA:398,2
DA:399,1
DA:400,2
DA:401,2
DA:402,1
DA:404,3
DA:405,3
DA:406,3
DA:407,2
DA:408,1
DA:410,2
DA:411,1
DA:412,2
DA:413,1
DA:415,2
DA:416,1
DA:418,2
DA:419,1
DA:420,2
DA:421,2
DA:422,1
DA:424,1
DA:425,1
DA:427,3
DA:428,3
DA:429,3
DA:431,1
DA:432,1
DA:433,1
DA:435,2
DA:436,1
DA:437,3
DA:438,1
DA:440,2
DA:441,1
DA:442,2
DA:443,1
DA:444,1
DA:445,1
DA:451,2
DA:452,1
DA:453,1
DA:454,1
DA:455,1
DA:456,1
DA:457,1
DA:459,2
DA:460,1
DA:461,1
DA:462,1
DA:463,1
DA:464,1
DA:465,1
DA:466,1
DA:468,2
DA:469,1
DA:470,1
DA:471,1
DA:472,1
DA:473,1
DA:474,1
DA:475,1
DA:477,2
DA:478,1
DA:479,1
DA:480,1
DA:481,1
DA:482,1
DA:483,1
DA:484,1
DA:486,2
DA:487,1
DA:488,11
DA:489,10
DA:492,6
DA:493,5
DA:496,6
DA:497,5
DA:500,6
DA:501,5
DA:503,1
DA:505,2
DA:506,1
DA:507,1
DA:508,1
DA:509,1
DA:511,2
DA:512,1
DA:513,1
DA:514,1
DA:515,1
DA:517,2
DA:518,1
DA:519,1
DA:520,1
DA:521,1
DA:522,1
DA:523,1
DA:524,1
DA:525,1
DA:527,2
DA:528,1
DA:529,1
DA:530,1
DA:531,1
DA:532,1
DA:533,1
DA:534,1
DA:535,1
DA:537,1
DA:538,1
DA:539,1
DA:540,1
DA:542,1
DA:543,1
DA:545,1
DA:546,1
DA:547,1
DA:549,1
DA:550,1
DA:551,1
LF:411
LH:411
end_of_record
TN:
SF:/usr/include/boost/algorithm/cxx11/all_of.hpp
FNL:0,31,37
FNA:0,215,_ZN5boost9algorithm6all_ofIN9__gnu_cxx17__normal_iteratorIPcNSt7__cxx1112basic_stringIcSt11char_traitsIcESaIcEEEEEPFbcEEEbT_SE_T0_
FNF:1
FNH:1
DA:31,215
DA:33,1346
DA:34,1832
DA:35,0
DA:36,215
LF:5
LH:4
end_of_record
TN:
SF:/usr/include/boost/bind/bind.hpp
FNL:0,119,122
FNA:0,3,_ZN5boost3_bi9unwrapperINS_4_mfi2mfIMNS_9unit_test13test_observerEFvmmEvS5_JmmEEEE6unwrapERS8_l
FNA:0,0,_ZN5boost3_bi9unwrapperINS_4_mfi2mfIMNS_9unit_test15unit_test_log_tEFvNS4_13output_formatERSoEvS5_JS6_S7_EEEE6unwrapERSA_l
FNA:0,0,_ZN5boost3_bi9unwrapperINS_4_mfi2mfIMNS_9unit_test15unit_test_log_tEFvRSoEvS5_JS6_EEEE6unwrapERS9_l
FNA:0,0,_ZN5boost3_bi9unwrapperINS_4_mfi2mfIMNS_9unit_test17test_unit_fixtureEFvvEvS5_JEEEE6unwrapERS8_l
FNA:0,0,_ZN5boost3_bi9unwrapperINS_4_mfi2mfIMNS_9unit_test9framework4impl11name_filter9componentEKFbRKNS4_9test_unitEEbS8_JSB_EEEE6unwrapERSE_l
FNA:0,1,_ZN5boost3_bi9unwrapperIPFvPFPNS_9unit_test10test_suiteEiPPcEEE6unwrapERSA_l
FNA:0,0,_ZN5boost3_bi9unwrapperIPFvRSoEE6unwrapERS4_l
FNL:1,173,173
FNA:1,0,_ZN5boost3_bi4listIJNS0_5valueINS_10shared_ptrINS_9unit_test17test_unit_fixtureEEEEEEEC2ES7_
FNA:1,1,_ZN5boost3_bi4listIJNS0_5valueIPFPNS_9unit_test10test_suiteEiPPcEEEEEC2ESA_
FNA:1,3,_ZN5boost3_bi4listIJNS0_5valueIPNS_9unit_test13test_observerEEENS2_INS3_17test_case_counter19readonly_property43EEENS2_ImEEEEC2ES6_S9_SA_
FNA:1,0,_ZN5boost3_bi4listIJNS0_5valueIPNS_9unit_test15unit_test_log_tEEENS2_INS3_13output_formatEEENS_17reference_wrapperISoEEEEC2ES6_S8_SA_
FNA:1,0,_ZN5boost3_bi4listIJNS0_5valueIPNS_9unit_test15unit_test_log_tEEENS_17reference_wrapperISoEEEEC2ES6_S8_
FNA:1,0,_ZN5boost3_bi4listIJNS_17reference_wrapperISoEEEEC2ES3_
FNA:1,0,_ZN5boost3_bi4listIJNS_3argILi1EEENS_17reference_wrapperIKNS_9unit_test9test_unitEEEEEC2ES3_S8_
FNL:2,180,183
FNA:2,0,_ZN5boost3_bi4listIJNS_3argILi1EEENS_17reference_wrapperIKNS_9unit_test9test_unitEEEEE9call_implIbNS_4_mfi2mfIMNS5_9framework4impl11name_filter9componentEKFbRS7_EbSG_JSH_EEENS0_6rrlistIJRKSG_EEEJLm0ELm1EEEET_NS0_4typeISP_EERT0_RT1_NS0_16integer_sequenceImJXspT2_EEEE
FNL:3,190,193
FNA:3,0,_ZN5boost3_bi4listIJNS0_5valueINS_10shared_ptrINS_9unit_test17test_unit_fixtureEEEEEEE9call_implINS_4_mfi2mfIMS5_FvvEvS5_JEEENS0_6rrlistIJEEEJLm0EEEEvNS0_4typeIvEERT_RT0_NS0_16integer_sequenceImJXspT1_EEEE
FNA:3,1,_ZN5boost3_bi4listIJNS0_5valueIPFPNS_9unit_test10test_suiteEiPPcEEEEE9call_implIPFvS9_ENS0_6rrlistIJEEEJLm0EEEEvNS0_4typeIvEERT_RT0_NS0_16integer_sequenceImJXspT1_EEEE
FNA:3,3,_ZN5boost3_bi4listIJNS0_5valueIPNS_9unit_test13test_observerEEENS2_INS3_17test_case_counter19readonly_property43EEENS2_ImEEEE9call_implINS_4_mfi2mfIMS4_FvmmEvS4_JmmEEENS0_6rrlistIJEEEJLm0ELm1ELm2EEEEvNS0_4typeIvEERT_RT0_NS0_16integer_sequenceImJXspT1_EEEE
FNA:3,0,_ZN5boost3_bi4listIJNS0_5valueIPNS_9unit_test15unit_test_log_tEEENS2_INS3_13output_formatEEENS_17reference_wrapperISoEEEE9call_implINS_4_mfi2mfIMS4_FvS7_RSoEvS4_JS7_SF_EEENS0_6rrlistIJEEEJLm0ELm1ELm2EEEEvNS0_4typeIvEERT_RT0_NS0_16integer_sequenceImJXspT1_EEEE
FNA:3,0,_ZN5boost3_bi4listIJNS0_5valueIPNS_9unit_test15unit_test_log_tEEENS_17reference_wrapperISoEEEE9call_implINS_4_mfi2mfIMS4_FvRSoEvS4_JSD_EEENS0_6rrlistIJEEEJLm0ELm1EEEEvNS0_4typeIvEERT_RT0_NS0_16integer_sequenceImJXspT1_EEEE
FNA:3,0,_ZN5boost3_bi4listIJNS_17reference_wrapperISoEEEE9call_implIPFvRSoENS0_6rrlistIJEEEJLm0EEEEvNS0_4typeIvEERT_RT0_NS0_16integer_sequenceImJXspT1_EEEE
FNL:4,206,209
FNA:4,0,_ZN5boost3_bi4listIJNS0_5valueINS_10shared_ptrINS_9unit_test17test_unit_fixtureEEEEEEEclIvNS_4_mfi2mfIMS5_FvvEvS5_JEEENS0_6rrlistIJEEEEET_NS0_4typeISH_EERT0_RT1_
FNA:4,1,_ZN5boost3_bi4listIJNS0_5valueIPFPNS_9unit_test10test_suiteEiPPcEEEEEclIvPFvS9_ENS0_6rrlistIJEEEEET_NS0_4typeISH_EERT0_RT1_
FNA:4,3,_ZN5boost3_bi4listIJNS0_5valueIPNS_9unit_test13test_observerEEENS2_INS3_17test_case_counter19readonly_property43EEENS2_ImEEEEclIvNS_4_mfi2mfIMS4_FvmmEvS4_JmmEEENS0_6rrlistIJEEEEET_NS0_4typeISK_EERT0_RT1_
FNA:4,0,_ZN5boost3_bi4listIJNS0_5valueIPNS_9unit_test15unit_test_log_tEEENS2_INS3_13output_formatEEENS_17reference_wrapperISoEEEEclIvNS_4_mfi2mfIMS4_FvS7_RSoEvS4_JS7_SF_EEENS0_6rrlistIJEEEEET_NS0_4typeISL_EERT0_RT1_
FNA:4,0,_ZN5boost3_bi4listIJNS0_5valueIPNS_9unit_test15unit_test_log_tEEENS_17reference_wrapperISoEEEEclIvNS_4_mfi2mfIMS4_FvRSoEvS4_JSD_EEENS0_6rrlistIJEEEEET_NS0_4typeISJ_EERT0_RT1_
FNA:4,0,_ZN5boost3_bi4listIJNS_17reference_wrapperISoEEEEclIvPFvRSoENS0_6rrlistIJEEEEET_NS0_4typeISB_EERT0_RT1_
FNA:4,0,_ZN5boost3_bi4listIJNS_3argILi1EEENS_17reference_wrapperIKNS_9unit_test9test_unitEEEEEclIbNS_4_mfi2mfIMNS5_9framework4impl11name_filter9componentEKFbRS7_EbSG_JSH_EEENS0_6rrlistIJRKSG_EEEEET_NS0_4typeISP_EERT0_RT1_
FNL:5,270,270
FNA:5,4,_ZN5boost3_bi6rrlistIJEEC2Ev
FNA:5,0,_ZN5boost3_bi6rrlistIJRKNS_9unit_test9framework4impl11name_filter9componentEEEC2ES8_
FNL:6,273,276
FNA:6,0,_ZNK5boost3_bi6rrlistIJRKNS_9unit_test9framework4impl11name_filter9componentEEEixILi1EEEONSt13tuple_elementIXmiT_Li1EESt5tupleIJS8_EEE4typeENS_3argIXT_EEE
FNL:7,283,283
FNA:7,0,_ZNK5boost3_bi6rrlistIJEEixINS_10shared_ptrINS_9unit_test17test_unit_fixtureEEEEERT_RNS0_5valueIS8_EE
FNA:7,0,_ZNK5boost3_bi6rrlistIJEEixINS_9unit_test13output_formatEEERT_RNS0_5valueIS6_EE
FNA:7,3,_ZNK5boost3_bi6rrlistIJEEixINS_9unit_test17test_case_counter19readonly_property43EEERT_RNS0_5valueIS7_EE
FNA:7,1,_ZNK5boost3_bi6rrlistIJEEixIPFPNS_9unit_test10test_suiteEiPPcEEERT_RNS0_5valueISB_EE
FNA:7,3,_ZNK5boost3_bi6rrlistIJEEixIPNS_9unit_test13test_observerEEERT_RNS0_5valueIS7_EE
FNA:7,0,_ZNK5boost3_bi6rrlistIJEEixIPNS_9unit_test15unit_test_log_tEEERT_RNS0_5valueIS7_EE
FNA:7,3,_ZNK5boost3_bi6rrlistIJEEixImEERT_RNS0_5valueIS4_EE
FNL:8,287,287
FNA:8,0,_ZNK5boost3_bi6rrlistIJEEixISoEERT_RKNS_17reference_wrapperIS4_EE
FNA:8,0,_ZNK5boost3_bi6rrlistIJRKNS_9unit_test9framework4impl11name_filter9componentEEEixIKNS2_9test_unitEEERT_RKNS_17reference_wrapperISD_EE
FNL:9,314,314
FNA:9,3,_ZN5boost3_bi6bind_tINS0_11unspecifiedENS_4_mfi2mfIMNS_9unit_test13test_observerEFvmmEvS6_JmmEEENS0_4listIJNS0_5valueIPS6_EENSB_INS5_17test_case_counter19readonly_property43EEENSB_ImEEEEEEC2ES9_RKSI_
FNA:9,0,_ZN5boost3_bi6bind_tINS0_11unspecifiedENS_4_mfi2mfIMNS_9unit_test15unit_test_log_tEFvNS5_13output_formatERSoEvS6_JS7_S8_EEENS0_4listIJNS0_5valueIPS6_EENSD_IS7_EENS_17reference_wrapperISoEEEEEEC2ESB_RKSJ_
FNA:9,0,_ZN5boost3_bi6bind_tINS0_11unspecifiedENS_4_mfi2mfIMNS_9unit_test15unit_test_log_tEFvRSoEvS6_JS7_EEENS0_4listIJNS0_5valueIPS6_EENS_17reference_wrapperISoEEEEEEC2ESA_RKSH_
FNA:9,0,_ZN5boost3_bi6bind_tINS0_11unspecifiedENS_4_mfi2mfIMNS_9unit_test17test_unit_fixtureEFvvEvS6_JEEENS0_4listIJNS0_5valueINS_10shared_ptrIS6_EEEEEEEEC2ES9_RKSF_
FNA:9,0,_ZN5boost3_bi6bind_tINS0_11unspecifiedENS_4_mfi2mfIMNS_9unit_test9framework4impl11name_filter9componentEKFbRKNS5_9test_unitEEbS9_JSC_EEENS0_4listIJNS_3argILi1EEENS_17reference_wrapperISB_EEEEEEC2ESF_RKSL_
FNA:9,1,_ZN5boost3_bi6bind_tIvPFvPFPNS_9unit_test10test_suiteEiPPcEENS0_4listIJNS0_5valueIS8_EEEEEEC2ESA_RKSE_
FNA:9,0,_ZN5boost3_bi6bind_tIvPFvRSoENS0_4listIJNS_17reference_wrapperISoEEEEEEC2ES4_RKS8_
FNL:10,318,322
FNA:10,3,_ZN5boost3_bi6bind_tINS0_11unspecifiedENS_4_mfi2mfIMNS_9unit_test13test_observerEFvmmEvS6_JmmEEENS0_4listIJNS0_5valueIPS6_EENSB_INS5_17test_case_counter19readonly_property43EEENSB_ImEEEEEEclIJEEEvDpOT_
FNA:10,0,_ZN5boost3_bi6bind_tINS0_11unspecifiedENS_4_mfi2mfIMNS_9unit_test15unit_test_log_tEFvNS5_13output_formatERSoEvS6_JS7_S8_EEENS0_4listIJNS0_5valueIPS6_EENSD_IS7_EENS_17reference_wrapperISoEEEEEEclIJEEEvDpOT_
FNA:10,0,_ZN5boost3_bi6bind_tINS0_11unspecifiedENS_4_mfi2mfIMNS_9unit_test15unit_test_log_tEFvRSoEvS6_JS7_EEENS0_4listIJNS0_5valueIPS6_EENS_17reference_wrapperISoEEEEEEclIJEEEvDpOT_
FNA:10,0,_ZN5boost3_bi6bind_tINS0_11unspecifiedENS_4_mfi2mfIMNS_9unit_test17test_unit_fixtureEFvvEvS6_JEEENS0_4listIJNS0_5valueINS_10shared_ptrIS6_EEEEEEEEclIJEEEvDpOT_
FNA:10,0,_ZN5boost3_bi6bind_tINS0_11unspecifiedENS_4_mfi2mfIMNS_9unit_test9framework4impl11name_filter9componentEKFbRKNS5_9test_unitEEbS9_JSC_EEENS0_4listIJNS_3argILi1EEENS_17reference_wrapperISB_EEEEEEclIJRKS9_EEEbDpOT_
FNA:10,1,_ZN5boost3_bi6bind_tIvPFvPFPNS_9unit_test10test_suiteEiPPcEENS0_4listIJNS0_5valueIS8_EEEEEEclIJEEEvDpOT_
FNA:10,0,_ZN5boost3_bi6bind_tIvPFvRSoENS0_4listIJNS_17reference_wrapperISoEEEEEEclIJEEEvDpOT_
FNL:11,604,608
FNA:11,3,_ZN5boost4bindINS_4_mfi2mfIMNS_9unit_test13test_observerEFvmmEvS4_JmmEEEJPS4_NS3_17test_case_counter19readonly_property43EmEEENS_3_bi6bind_tINSB_11unspecifiedET_NSB_7list_avIJDpT0_EE4typeEEESE_SH_
FNA:11,0,_ZN5boost4bindINS_4_mfi2mfIMNS_9unit_test15unit_test_log_tEFvNS3_13output_formatERSoEvS4_JS5_S6_EEEJPS4_S5_NS_17reference_wrapperISoEEEEENS_3_bi6bind_tINSD_11unspecifiedET_NSD_7list_avIJDpT0_EE4typeEEESG_SJ_
FNA:11,0,_ZN5boost4bindINS_4_mfi2mfIMNS_9unit_test15unit_test_log_tEFvRSoEvS4_JS5_EEEJPS4_NS_17reference_wrapperISoEEEEENS_3_bi6bind_tINSC_11unspecifiedET_NSC_7list_avIJDpT0_EE4typeEEESF_SI_
FNA:11,0,_ZN5boost4bindINS_4_mfi2mfIMNS_9unit_test17test_unit_fixtureEFvvEvS4_JEEEJNS_10shared_ptrIS4_EEEEENS_3_bi6bind_tINSA_11unspecifiedET_NSA_7list_avIJDpT0_EE4typeEEESD_SG_
FNA:11,0,_ZN5boost4bindINS_4_mfi2mfIMNS_9unit_test9framework4impl11name_filter9componentEKFbRKNS3_9test_unitEEbS7_JSA_EEEJNS_3argILi1EEENS_17reference_wrapperIS9_EEEEENS_3_bi6bind_tINSI_11unspecifiedET_NSI_7list_avIJDpT0_EE4typeEEESL_SO_
FNL:12,89,89
FNA:12,0,_ZN5boost3_bi5valueINS_10shared_ptrINS_9unit_test17test_unit_fixtureEEEEC2ERKS5_
FNA:12,0,_ZN5boost3_bi5valueINS_9unit_test13output_formatEEC2ERKS3_
FNA:12,3,_ZN5boost3_bi5valueINS_9unit_test17test_case_counter19readonly_property43EEC2ERKS4_
FNA:12,1,_ZN5boost3_bi5valueIPFPNS_9unit_test10test_suiteEiPPcEEC2ERKS8_
FNA:12,3,_ZN5boost3_bi5valueIPNS_9unit_test13test_observerEEC2ERKS4_
FNA:12,0,_ZN5boost3_bi5valueIPNS_9unit_test15unit_test_log_tEEC2ERKS4_
FNA:12,3,_ZN5boost3_bi5valueImEC2ERKm
FNL:13,91,91
FNA:13,0,_ZN5boost3_bi5valueINS_10shared_ptrINS_9unit_test17test_unit_fixtureEEEE3getEv
FNA:13,0,_ZN5boost3_bi5valueINS_9unit_test13output_formatEE3getEv
FNA:13,3,_ZN5boost3_bi5valueINS_9unit_test17test_case_counter19readonly_property43EE3getEv
FNA:13,1,_ZN5boost3_bi5valueIPFPNS_9unit_test10test_suiteEiPPcEE3getEv
FNA:13,3,_ZN5boost3_bi5valueIPNS_9unit_test13test_observerEE3getEv
FNA:13,0,_ZN5boost3_bi5valueIPNS_9unit_test15unit_test_log_tEE3getEv
FNA:13,3,_ZN5boost3_bi5valueImE3getEv
FNF:14
FNH:11
DA:89,10
DA:91,10
DA:119,4
DA:121,4
DA:173,4
DA:180,0
DA:182,0
DA:190,4
DA:192,4
DA:193,4
DA:206,4
DA:208,4
DA:270,4
DA:273,0
DA:275,0
DA:283,10
DA:287,0
DA:314,4
DA:318,4
DA:320,4
DA:321,8
DA:604,3
DA:607,6
LF:23
LH:18
end_of_record
TN:
SF:/usr/include/boost/bind/detail/bind_cc.hpp
FNL:0,26,31
FNA:0,1,_ZN5boost4bindIvPFPNS_9unit_test10test_suiteEiPPcES7_EENS_3_bi6bind_tIT_PFSA_T0_ENS8_7list_avIJT1_EE4typeEEESD_SF_
FNA:0,0,_ZN5boost4bindIvRSoNS_17reference_wrapperISoEEEENS_3_bi6bind_tIT_PFS6_T0_ENS4_7list_avIJT1_EE4typeEEES9_SB_
FNF:1
FNH:1
DA:26,1
DA:30,1
LF:2
LH:2
end_of_record
TN:
SF:/usr/include/boost/bind/detail/bind_mf_cc.hpp
FNL:0,105,109
FNA:0,3,_ZN5boost4bindIvNS_9unit_test13test_observerEmmPS2_NS1_17test_case_counter19readonly_property43EmEEDTcl4bindcl6mem_fnfp_Efp0_fp1_fp2_EEMT0_FT_T1_T2_ET3_T4_T5_
FNA:0,0,_ZN5boost4bindIvNS_9unit_test15unit_test_log_tENS1_13output_formatERSoPS2_S3_NS_17reference_wrapperISoEEEEDTcl4bindcl6mem_fnfp_Efp0_fp1_fp2_EEMT0_FT_T1_T2_ET3_T4_T5_
FNL:1,20,24
FNA:1,0,_ZN5boost4bindIvNS_9unit_test17test_unit_fixtureENS_10shared_ptrIS2_EEEEDTcl4bindcl6mem_fnfp_Efp0_EEMT0_FT_vET1_
FNL:2,61,65
FNA:2,0,_ZN5boost4bindIvNS_9unit_test15unit_test_log_tERSoPS2_NS_17reference_wrapperISoEEEEDTcl4bindcl6mem_fnfp_Efp0_fp1_EEMT0_FT_T1_ET2_T3_
FNL:3,71,75
FNA:3,0,_ZN5boost4bindIbNS_9unit_test9framework4impl11name_filter9componentERKNS1_9test_unitENS_3argILi1EEENS_17reference_wrapperIS7_EEEEDTcl4bindcl6mem_fnfp_Efp0_fp1_EEMT0_KFT_T1_ET2_T3_
FNF:4
FNH:1
DA:20,0
DA:23,0
DA:61,0
DA:64,0
DA:71,0
DA:74,0
DA:105,3
DA:108,3
LF:8
LH:2
end_of_record
TN:
SF:/usr/include/boost/bind/mem_fn.hpp
FNL:0,50,50
FNA:0,3,_ZN5boost4_mfi2mfIMNS_9unit_test13test_observerEFvmmEvS3_JmmEEC2ES5_
FNA:0,0,_ZN5boost4_mfi2mfIMNS_9unit_test15unit_test_log_tEFvNS2_13output_formatERSoEvS3_JS4_S5_EEC2ES7_
FNA:0,0,_ZN5boost4_mfi2mfIMNS_9unit_test15unit_test_log_tEFvRSoEvS3_JS4_EEC2ES6_
FNA:0,0,_ZN5boost4_mfi2mfIMNS_9unit_test17test_unit_fixtureEFvvEvS3_JEEC2ES5_
FNA:0,0,_ZN5boost4_mfi2mfIMNS_9unit_test9framework4impl11name_filter9componentEKFbRKNS2_9test_unitEEbS6_JS9_EEC2ESB_
FNL:1,59,62
FNA:1,0,_ZNK5boost4_mfi2mfIMNS_9unit_test9framework4impl11name_filter9componentEKFbRKNS2_9test_unitEEbS6_JS9_EEclIRKS6_S6_vEEbOT_S9_
FNL:2,72,75
FNA:2,3,_ZNK5boost4_mfi2mfIMNS_9unit_test13test_observerEFvmmEvS3_JmmEEclIRPS3_S8_vvEEvOT_mm
FNA:2,0,_ZNK5boost4_mfi2mfIMNS_9unit_test15unit_test_log_tEFvNS2_13output_formatERSoEvS3_JS4_S5_EEclIRPS3_SA_vvEEvOT_S4_S5_
FNA:2,0,_ZNK5boost4_mfi2mfIMNS_9unit_test15unit_test_log_tEFvRSoEvS3_JS4_EEclIRPS3_S9_vvEEvOT_S4_
FNA:2,0,_ZNK5boost4_mfi2mfIMNS_9unit_test17test_unit_fixtureEFvvEvS3_JEEclIRNS_10shared_ptrIS3_EES9_vvEEvOT_
FNL:3,93,96
FNA:3,3,_ZN5boost6mem_fnIvNS_9unit_test13test_observerEJmmEEENS_4_mfi2mfIDtfp_ET_T0_JDpT1_EEEMS7_FS6_S9_E
FNA:3,0,_ZN5boost6mem_fnIvNS_9unit_test15unit_test_log_tEJNS1_13output_formatERSoEEENS_4_mfi2mfIDtfp_ET_T0_JDpT1_EEEMS9_FS8_SB_E
FNA:3,0,_ZN5boost6mem_fnIvNS_9unit_test15unit_test_log_tEJRSoEEENS_4_mfi2mfIDtfp_ET_T0_JDpT1_EEEMS8_FS7_SA_E
FNA:3,0,_ZN5boost6mem_fnIvNS_9unit_test17test_unit_fixtureEJEEENS_4_mfi2mfIDtfp_ET_T0_JDpT1_EEEMS7_FS6_S9_E
FNL:4,99,102
FNA:4,0,_ZN5boost6mem_fnIbNS_9unit_test9framework4impl11name_filter9componentEJRKNS1_9test_unitEEEENS_4_mfi2mfIDtfp_ET_T0_JDpT1_EEEMSD_KFSC_SF_E
FNF:5
FNH:3
DA:50,3
DA:59,0
DA:61,0
DA:72,3
DA:74,9
DA:93,3
DA:95,3
DA:99,0
DA:101,0
LF:9
LH:5
end_of_record
TN:
SF:/usr/include/boost/core/addressof.hpp
FNL:0,38,41
FNA:0,675,_ZN5boost9addressofIKNS_7runtime16parameter_cla_idEEEPT_RS4_
FNA:0,0,_ZN5boost9addressofIKNS_9unit_test9test_unitEEEPT_RS4_
FNA:0,0,_ZN5boost9addressofIKNSt7__cxx1112basic_stringIcSt11char_traitsIcESaIcEEEEEPT_RS8_
FNA:0,0,_ZN5boost9addressofIKSt6vectorINSt7__cxx1112basic_stringIcSt11char_traitsIcESaIcEEESaIS7_EEEEPT_RSB_
FNA:0,3,_ZN5boost9addressofINS_3_bi6bind_tINS1_11unspecifiedENS_4_mfi2mfIMNS_9unit_test13test_observerEFvmmEvS7_JmmEEENS1_4listIJNS1_5valueIPS7_EENSC_INS6_17test_case_counter19readonly_property43EEENSC_ImEEEEEEEEEPT_RSL_
FNA:0,0,_ZN5boost9addressofINS_3_bi6bind_tINS1_11unspecifiedENS_4_mfi2mfIMNS_9unit_test15unit_test_log_tEFvNS6_13output_formatERSoEvS7_JS8_S9_EEENS1_4listIJNS1_5valueIPS7_EENSE_IS8_EENS_17reference_wrapperISoEEEEEEEEEPT_RSM_
FNA:0,0,_ZN5boost9addressofINS_3_bi6bind_tINS1_11unspecifiedENS_4_mfi2mfIMNS_9unit_test15unit_test_log_tEFvRSoEvS7_JS8_EEENS1_4listIJNS1_5valueIPS7_EENS_17reference_wrapperISoEEEEEEEEEPT_RSK_
FNA:0,0,_ZN5boost9addressofINS_3_bi6bind_tINS1_11unspecifiedENS_4_mfi2mfIMNS_9unit_test17test_unit_fixtureEFvvEvS7_JEEENS1_4listIJNS1_5valueINS_10shared_ptrIS7_EEEEEEEEEEEPT_RSI_
FNA:0,1,_ZN5boost9addressofINS_3_bi6bind_tIvPFvPFPNS_9unit_test10test_suiteEiPPcEENS1_4listIJNS1_5valueIS9_EEEEEEEEEPT_RSH_
FNA:0,0,_ZN5boost9addressofINS_3_bi6bind_tIvPFvRSoENS1_4listIJNS_17reference_wrapperISoEEEEEEEEEPT_RSB_
FNA:0,0,_ZN5boost9addressofINS_6detail13sp_ms_deleterINS_9unit_test14runtime_config13stream_holder16callback_cleanerEEEEEPT_RS8_
FNA:0,49,_ZN5boost9addressofINS_6detail7forwardEEEPT_RS3_
FNA:0,0,_ZN5boost9addressofISoEEPT_RS1_
FNA:0,1,_ZN5boost9addressofIZNS_9unit_test14runtime_config12_GLOBAL__N_1L19register_parametersERNS_7runtime16parameters_storeEEUlNS1_13basic_cstringIKcEEE_EEPT_RSB_
FNF:1
FNH:1
DA:38,729
DA:40,729
LF:2
LH:2
end_of_record
TN:
SF:/usr/include/boost/core/checked_delete.hpp
FNL:0,31,45
FNA:0,0,_ZN5boost14checked_deleteINS_16exception_detail15error_info_baseEEEvPT_
FNA:0,0,_ZN5boost14checked_deleteINS_23basic_wrap_stringstreamIcEEEEvPT_
FNA:0,8,_ZN5boost14checked_deleteINS_2io18ios_base_all_saverEEEvPT_
FNA:0,1,_ZN5boost14checked_deleteINS_7runtime14enum_parameterINS_9unit_test12report_levelELNS1_11args_amountE0EEEEEvPT_
FNA:0,4,_ZN5boost14checked_deleteINS_7runtime14enum_parameterINS_9unit_test13output_formatELNS1_11args_amountE0EEEEEvPT_
FNA:0,1,_ZN5boost14checked_deleteINS_7runtime14enum_parameterINS_9unit_test9log_levelELNS1_11args_amountE0EEEEEvPT_
FNA:0,1,_ZN5boost14checked_deleteINS_7runtime14typed_argumentINS_9unit_test12report_levelEEEEEvPT_
FNA:0,3,_ZN5boost14checked_deleteINS_7runtime14typed_argumentINS_9unit_test13output_formatEEEEEvPT_
FNA:0,1,_ZN5boost14checked_deleteINS_7runtime14typed_argumentINS_9unit_test9log_levelEEEEEvPT_
FNA:0,1,_ZN5boost14checked_deleteINS_7runtime14typed_argumentINSt7__cxx1112basic_stringIcSt11char_traitsIcESaIcEEEEEEEvPT_
FNA:0,2,_ZN5boost14checked_deleteINS_7runtime14typed_argumentISt6vectorINSt7__cxx1112basic_stringIcSt11char_traitsIcESaIcEEESaIS9_EEEEEEvPT_
FNA:0,13,_ZN5boost14checked_deleteINS_7runtime14typed_argumentIbEEEEvPT_
FNA:0,1,_ZN5boost14checked_deleteINS_7runtime14typed_argumentIjEEEEvPT_
FNA:0,1,_ZN5boost14checked_deleteINS_7runtime14typed_argumentImEEEEvPT_
FNA:0,572,_ZN5boost14checked_deleteINS_7runtime3cla13rt_cla_detail14parameter_trieEEEvPT_
FNA:0,1,_ZN5boost14checked_deleteINS_7runtime3cla6parserEEEvPT_
FNA:0,13,_ZN5boost14checked_deleteINS_7runtime6optionEEEvPT_
FNA:0,0,_ZN5boost14checked_deleteINS_7runtime9parameterINS_9unit_test12report_levelELNS1_11args_amountE0ELb1EEEEEvPT_
FNA:0,0,_ZN5boost14checked_deleteINS_7runtime9parameterINS_9unit_test13output_formatELNS1_11args_amountE0ELb1EEEEEvPT_
FNA:0,0,_ZN5boost14checked_deleteINS_7runtime9parameterINS_9unit_test9log_levelELNS1_11args_amountE0ELb1EEEEEvPT_
FNA:0,5,_ZN5boost14checked_deleteINS_7runtime9parameterINSt7__cxx1112basic_stringIcSt11char_traitsIcESaIcEEELNS1_11args_amountE0ELb0EEEEEvPT_
FNA:0,2,_ZN5boost14checked_deleteINS_7runtime9parameterINSt7__cxx1112basic_stringIcSt11char_traitsIcESaIcEEELNS1_11args_amountE2ELb0EEEEEvPT_
FNA:0,1,_ZN5boost14checked_deleteINS_7runtime9parameterIjLNS1_11args_amountE0ELb0EEEEEvPT_
FNA:0,1,_ZN5boost14checked_deleteINS_7runtime9parameterImLNS1_11args_amountE0ELb0EEEEEvPT_
FNA:0,0,_ZN5boost14checked_deleteINS_9unit_test16progress_displayEEEvPT_
FNA:0,2,_ZN5boost14checked_deleteINS_9unit_test16results_reporter6formatEEEvPT_
FNA:0,3,_ZN5boost14checked_deleteINS_9unit_test23unit_test_log_formatterEEEvPT_
FNA:0,0,_ZN5boost14checked_deleteINS_9unit_test9decorator10depends_onEEEvPT_
FNA:0,0,_ZN5boost14checked_deleteINS_9unit_test9decorator11descriptionEEEvPT_
FNA:0,0,_ZN5boost14checked_deleteINS_9unit_test9decorator12preconditionEEEvPT_
FNA:0,0,_ZN5boost14checked_deleteINS_9unit_test9decorator15stack_decoratorEEEvPT_
FNA:0,0,_ZN5boost14checked_deleteINS_9unit_test9decorator17expected_failuresEEEvPT_
FNA:0,0,_ZN5boost14checked_deleteINS_9unit_test9decorator5labelEEEvPT_
FNA:0,0,_ZN5boost14checked_deleteINS_9unit_test9decorator7timeoutEEEvPT_
FNA:0,0,_ZN5boost14checked_deleteINS_9unit_test9decorator9fixture_tEEEvPT_
FNA:0,0,_ZN5boost14checked_deleteINS_9unit_test9framework4impl21global_fixture_handleEEEvPT_
FNL:1,47,61
FNA:1,4,_ZN5boost20checked_array_deleteIcEEvPT_
FNF:2
FNH:2
DA:31,637
DA:44,637
DA:45,637
DA:47,4
DA:60,4
DA:61,4
LF:6
LH:6
end_of_record
TN:
SF:/usr/include/boost/core/demangle.hpp
FNL:0,59,62
FNA:0,0,_ZN5boost4core21scoped_demangled_nameC2EPKc
FNL:1,64,67
FNA:1,0,_ZN5boost4core21scoped_demangled_nameD2Ev
FNL:2,69,72
FNA:2,0,_ZNK5boost4core21scoped_demangled_name3getEv
FNL:3,81,86
FNA:3,0,_ZN5boost4core14demangle_allocEPKc
FNL:4,88,91
FNA:4,0,_ZN5boost4core13demangle_freeEPKc
FNL:5,93,100
FNA:5,0,_ZN5boost4core8demangleB5cxx11EPKc
FNF:6
FNH:0
DA:59,0
DA:60,0
DA:62,0
DA:64,0
DA:66,0
DA:67,0
DA:69,0
DA:71,0
DA:81,0
DA:83,0
DA:84,0
DA:85,0
DA:88,0
DA:90,0
DA:91,0
DA:93,0
DA:95,0
DA:96,0
DA:97,0
DA:98,0
DA:99,0
DA:100,0
LF:22
LH:0
end_of_record
TN:
SF:/usr/include/boost/core/ignore_unused.hpp
FNF:0
FNH:0
DA:20,184
LF:1
LH:1
end_of_record
TN:
SF:/usr/include/boost/core/ref.hpp
FNF:0
FNH:0
DA:95,675
DA:137,0
DA:143,0
DA:183,675
LF:4
LH:2
end_of_record
TN:
SF:/usr/include/boost/exception/current_exception_cast.hpp
FNL:0,27,43
FNA:0,0,_ZN5boost22current_exception_castIKNS_9exceptionEEEPT_v
FNF:1
FNH:0
DA:27,0
DA:31,0
DA:33,0
DA:34,0
DA:36,0
DA:38,0
DA:41,0
LF:7
LH:0
end_of_record
TN:
SF:/usr/include/boost/exception/detail/type_info.hpp
FNL:0,64,67
FNA:0,0,_ZN5boost16exception_detail10type_info_C2ERKSt9type_info
FNL:1,71,74
FNA:1,0,_ZN5boost16exception_detailltERKNS0_10type_info_ES3_
FNF:2
FNH:0
DA:64,0
DA:65,0
DA:67,0
DA:71,0
DA:73,0
LF:5
LH:0
end_of_record
TN:
SF:/usr/include/boost/exception/diagnostic_information.hpp
FNL:0,122,175
FNA:0,0,_ZN5boost16exception_detail27diagnostic_information_implB5cxx11EPKNS_9exceptionEPKSt9exceptionbb
FNL:1,180,183
FNA:1,0,_ZN5boost22diagnostic_informationINS_9exceptionEEENSt7__cxx1112basic_stringIcSt11char_traitsIcESaIcEEERKT_b
FNL:2,71,74
FNA:2,0,_ZN5boost16exception_detail19get_boost_exceptionEPKNS_9exceptionE
FNL:3,92,95
FNA:3,0,_ZN5boost16exception_detail17get_std_exceptionEz
FNL:4,99,118
FNA:4,0,_ZN5boost16exception_detail26get_diagnostic_informationERKNS_9exceptionEPKc
FNF:5
FNH:0
DA:71,0
DA:73,0
DA:92,0
DA:94,0
DA:99,0
DA:105,0
DA:106,0
DA:107,0
DA:108,0
DA:109,0
DA:110,0
DA:113,0
DA:115,0
DA:116,0
DA:122,0
DA:124,0
DA:125,0
DA:127,0
DA:128,0
DA:129,0
DA:130,0
DA:132,0
DA:133,0
DA:135,0
DA:136,0
DA:137,0
DA:139,0
DA:140,0
DA:142,0
DA:143,0
DA:144,0
DA:145,0
DA:146,0
DA:149,0
DA:151,0
DA:152,0
DA:153,0
DA:155,0
DA:156,0
DA:157,0
DA:159,0
DA:160,0
DA:164,0
DA:165,0
DA:166,0
DA:168,0
DA:169,0
DA:170,0
DA:171,0
DA:172,0
DA:173,0
DA:174,0
DA:175,0
DA:180,0
DA:182,0
LF:55
LH:0
end_of_record
TN:
SF:/usr/include/boost/exception/exception.hpp
FNL:0,191,193
FNA:0,0,_ZN5boost16exception_detail20error_info_containerD2Ev
FNL:1,260,266
FNA:1,0,_ZN5boost9exceptionC2Ev
FNL:2,333,336
FNA:2,0,_ZN5boost9exceptionD0Ev
FNA:2,0,_ZN5boost9exceptionD2Ev
FNL:3,46,49
FNA:3,0,_ZN5boost16exception_detail12refcount_ptrINS0_20error_info_containerEEC2Ev
FNL:4,484,486
FNA:4,0,_ZN5boost16exception_detail10clone_baseD0Ev
FNA:4,0,_ZN5boost16exception_detail10clone_baseD2Ev
FNL:5,491,501
FNA:5,0,_ZN5boost16exception_detail20copy_boost_exceptionEPNS_9exceptionEPKS1_
FNL:6,51,54
FNA:6,0,_ZN5boost16exception_detail12refcount_ptrINS0_20error_info_containerEED2Ev
FNL:7,56,60
FNA:7,0,_ZN5boost16exception_detail12refcount_ptrINS0_20error_info_containerEEC2ERKS3_
FNL:8,63,67
FNA:8,0,_ZN5boost16exception_detail12refcount_ptrINS0_20error_info_containerEEaSERKS3_
FNL:9,70,75
FNA:9,0,_ZN5boost16exception_detail12refcount_ptrINS0_20error_info_containerEE5adoptEPS2_
FNL:10,78,81
FNA:10,0,_ZNK5boost16exception_detail12refcount_ptrINS0_20error_info_containerEE3getEv
FNL:11,88,92
FNA:11,0,_ZN5boost16exception_detail12refcount_ptrINS0_20error_info_containerEE7add_refEv
FNL:12,95,99
FNA:12,0,_ZN5boost16exception_detail12refcount_ptrINS0_20error_info_containerEE7releaseEv
FNF:13
FNH:0
DA:46,0
DA:47,0
DA:49,0
DA:51,0
DA:53,0
DA:54,0
DA:56,0
DA:57,0
DA:59,0
DA:60,0
DA:63,0
DA:65,0
DA:66,0
DA:70,0
DA:72,0
DA:73,0
DA:74,0
DA:75,0
DA:78,0
DA:80,0
DA:88,0
DA:90,0
DA:91,0
DA:92,0
DA:95,0
DA:97,0
DA:98,0
DA:99,0
DA:191,0
DA:192,0
DA:193,0
DA:260,0
DA:261,0
DA:262,0
DA:263,0
DA:264,0
DA:266,0
DA:333,0
DA:334,0
DA:336,0
DA:484,0
DA:485,0
DA:486,0
DA:491,0
DA:493,0
DA:494,0
DA:495,0
DA:496,0
DA:497,0
DA:498,0
DA:499,0
DA:500,0
DA:501,0
LF:53
LH:0
end_of_record
TN:
SF:/usr/include/boost/exception/get_error_info.hpp
FNL:0,125,131
FNA:0,0,_ZN5boost14get_error_infoINS_10error_infoINS_11throw_file_EPKcEEKNS_9exceptionEEENS_16exception_detail26get_error_info_return_typeIT0_NT_10value_typeEE4typeERSA_
FNA:0,0,_ZN5boost14get_error_infoINS_10error_infoINS_11throw_line_EiEEKNS_9exceptionEEENS_16exception_detail26get_error_info_return_typeIT0_NT_10value_typeEE4typeERS8_
FNA:0,0,_ZN5boost14get_error_infoINS_10error_infoINS_15throw_function_EPKcEEKNS_9exceptionEEENS_16exception_detail26get_error_info_return_typeIT0_NT_10value_typeEE4typeERSA_
FNL:1,61,64
FNA:1,0,_ZN5boost16exception_detail8get_infoINS_10error_infoINS_15throw_function_EPKcEEE3getERKNS_9exceptionE
FNL:2,73,76
FNA:2,0,_ZN5boost16exception_detail8get_infoINS_10error_infoINS_11throw_file_EPKcEEE3getERKNS_9exceptionE
FNL:3,85,88
FNA:3,0,_ZN5boost16exception_detail8get_infoINS_10error_infoINS_11throw_line_EiEEE3getERKNS_9exceptionE
FNF:4
FNH:0
DA:61,0
DA:63,0
DA:73,0
DA:75,0
DA:85,0
DA:87,0
DA:125,0
DA:127,0
DA:128,0
DA:130,0
LF:10
LH:0
end_of_record
TN:
SF:/usr/include/boost/exception/info.hpp
FNL:0,124,127
FNA:0,0,_ZNK5boost16exception_detail25error_info_container_impl7add_refEv
FNL:1,130,139
FNA:1,0,_ZNK5boost16exception_detail25error_info_container_impl7releaseEv
FNL:2,142,153
FNA:2,0,_ZNK5boost16exception_detail25error_info_container_impl5cloneEv
FNL:3,65,68
FNA:3,0,_ZN5boost16exception_detail25error_info_container_implC2Ev
FNL:4,70,72
FNA:4,0,_ZN5boost16exception_detail25error_info_container_implD2Ev
FNL:5,75,80
FNA:5,0,_ZN5boost16exception_detail25error_info_container_impl3setERKNS_10shared_ptrINS0_15error_info_baseEEERKNS0_10type_info_E
FNL:6,83,92
FNA:6,0,_ZNK5boost16exception_detail25error_info_container_impl3getERKNS0_10type_info_E
FNL:7,95,109
FNA:7,0,_ZNK5boost16exception_detail25error_info_container_impl22diagnostic_informationEPKc
FNF:8
FNH:0
DA:65,0
DA:66,0
DA:68,0
DA:70,0
DA:71,0
DA:72,0
DA:75,0
DA:77,0
DA:78,0
DA:79,0
DA:80,0
DA:83,0
DA:85,0
DA:86,0
DA:88,0
DA:89,0
DA:91,0
DA:95,0
DA:97,0
DA:99,0
DA:100,0
DA:101,0
DA:103,0
DA:104,0
DA:106,0
DA:107,0
DA:108,0
DA:124,0
DA:126,0
DA:127,0
DA:130,0
DA:132,0
DA:133,0
DA:136,0
DA:137,0
DA:142,0
DA:144,0
DA:145,0
DA:146,0
DA:147,0
DA:149,0
DA:150,0
DA:151,0
DA:152,0
DA:153,0
LF:45
LH:0
end_of_record
TN:
SF:/usr/include/boost/function/function_base.hpp
FNL:0,226,246
FNA:0,9,_ZN5boost6detail8function22functor_manager_commonIPFvRKNS_5debug16dbg_startup_infoEEE10manage_ptrERKNS1_15function_bufferERSA_NS1_30functor_manager_operation_typeE
FNA:0,45,_ZN5boost6detail8function22functor_manager_commonIPFvvEE10manage_ptrERKNS1_15function_bufferERS6_NS1_30functor_manager_operation_typeE
FNL:1,250,277
FNA:1,0,_ZN5boost6detail8function22functor_manager_commonINS0_7forwardEE12manage_smallERKNS1_15function_bufferERS5_NS1_30functor_manager_operation_typeE
FNA:1,1,_ZN5boost6detail8function22functor_manager_commonINS_3_bi6bind_tIvPFvPFPNS_9unit_test10test_suiteEiPPcEENS3_4listIJNS3_5valueISB_EEEEEEEE12manage_smallERKNS1_15function_bufferERSK_NS1_30functor_manager_operation_typeE
FNA:1,0,_ZN5boost6detail8function22functor_manager_commonINS_3_bi6bind_tIvPFvRSoENS3_4listIJNS_17reference_wrapperISoEEEEEEEE12manage_smallERKNS1_15function_bufferERSE_NS1_30functor_manager_operation_typeE
FNA:1,0,_ZN5boost6detail8function22functor_manager_commonIZNS_9unit_test14runtime_config12_GLOBAL__N_1L19register_parametersERNS_7runtime16parameters_storeEEUlNS3_13basic_cstringIKcEEE_E12manage_smallERKNS1_15function_bufferERSE_NS1_30functor_manager_operation_typeE
FNL:2,288,292
FNA:2,9,_ZN5boost6detail8function15functor_managerIPFvRKNS_5debug16dbg_startup_infoEEE7managerERKNS1_15function_bufferERSA_NS1_30functor_manager_operation_typeENS1_16function_ptr_tagE
FNA:2,45,_ZN5boost6detail8function15functor_managerIPFvvEE7managerERKNS1_15function_bufferERS6_NS1_30functor_manager_operation_typeENS1_16function_ptr_tagE
FNL:3,296,300
FNA:3,0,_ZN5boost6detail8function15functor_managerINS0_7forwardEE7managerERKNS1_15function_bufferERS5_NS1_30functor_manager_operation_typeESt17integral_constantIbLb1EE
FNA:3,1,_ZN5boost6detail8function15functor_managerINS_3_bi6bind_tIvPFvPFPNS_9unit_test10test_suiteEiPPcEENS3_4listIJNS3_5valueISB_EEEEEEEE7managerERKNS1_15function_bufferERSK_NS1_30functor_manager_operation_typeESt17integral_constantIbLb1EE
FNA:3,0,_ZN5boost6detail8function15functor_managerINS_3_bi6bind_tIvPFvRSoENS3_4listIJNS_17reference_wrapperISoEEEEEEEE7managerERKNS1_15function_bufferERSE_NS1_30functor_manager_operation_typeESt17integral_constantIbLb1EE
FNA:3,0,_ZN5boost6detail8function15functor_managerIZNS_9unit_test14runtime_config12_GLOBAL__N_1L19register_parametersERNS_7runtime16parameters_storeEEUlNS3_13basic_cstringIKcEEE_E7managerERKNS1_15function_bufferERSE_NS1_30functor_manager_operation_typeESt17integral_constantIbLb1EE
FNL:4,304,336
FNA:4,3,_ZN5boost6detail8function15functor_managerINS_3_bi6bind_tINS3_11unspecifiedENS_4_mfi2mfIMNS_9unit_test13test_observerEFvmmEvS9_JmmEEENS3_4listIJNS3_5valueIPS9_EENSE_INS8_17test_case_counter19readonly_property43EEENSE_ImEEEEEEEE7managerERKNS1_15function_bufferERSO_NS1_30functor_manager_operation_typeESt17integral_constantIbLb0EE
FNA:4,0,_ZN5boost6detail8function15functor_managerINS_3_bi6bind_tINS3_11unspecifiedENS_4_mfi2mfIMNS_9unit_test15unit_test_log_tEFvNS8_13output_formatERSoEvS9_JSA_SB_EEENS3_4listIJNS3_5valueIPS9_EENSG_ISA_EENS_17reference_wrapperISoEEEEEEEE7managerERKNS1_15function_bufferERSP_NS1_30functor_manager_operation_typeESt17integral_constantIbLb0EE
FNA:4,0,_ZN5boost6detail8function15functor_managerINS_3_bi6bind_tINS3_11unspecifiedENS_4_mfi2mfIMNS_9unit_test15unit_test_log_tEFvRSoEvS9_JSA_EEENS3_4listIJNS3_5valueIPS9_EENS_17reference_wrapperISoEEEEEEEE7managerERKNS1_15function_bufferERSN_NS1_30functor_manager_operation_typeESt17integral_constantIbLb0EE
FNA:4,0,_ZN5boost6detail8function15functor_managerINS_3_bi6bind_tINS3_11unspecifiedENS_4_mfi2mfIMNS_9unit_test17test_unit_fixtureEFvvEvS9_JEEENS3_4listIJNS3_5valueINS_10shared_ptrIS9_EEEEEEEEEE7managerERKNS1_15function_bufferERSL_NS1_30functor_manager_operation_typeESt17integral_constantIbLb0EE
FNL:5,342,347
FNA:5,0,_ZN5boost6detail8function15functor_managerINS0_7forwardEE7managerERKNS1_15function_bufferERS5_NS1_30functor_manager_operation_typeENS1_16function_obj_tagE
FNA:5,3,_ZN5boost6detail8function15functor_managerINS_3_bi6bind_tINS3_11unspecifiedENS_4_mfi2mfIMNS_9unit_test13test_observerEFvmmEvS9_JmmEEENS3_4listIJNS3_5valueIPS9_EENSE_INS8_17test_case_counter19readonly_property43EEENSE_ImEEEEEEEE7managerERKNS1_15function_bufferERSO_NS1_30functor_manager_operation_typeENS1_16function_obj_tagE
FNA:5,0,_ZN5boost6detail8function15functor_managerINS_3_bi6bind_tINS3_11unspecifiedENS_4_mfi2mfIMNS_9unit_test15unit_test_log_tEFvNS8_13output_formatERSoEvS9_JSA_SB_EEENS3_4listIJNS3_5valueIPS9_EENSG_ISA_EENS_17reference_wrapperISoEEEEEEEE7managerERKNS1_15function_bufferERSP_NS1_30functor_manager_operation_typeENS1_16function_obj_tagE
FNA:5,0,_ZN5boost6detail8function15functor_managerINS_3_bi6bind_tINS3_11unspecifiedENS_4_mfi2mfIMNS_9unit_test15unit_test_log_tEFvRSoEvS9_JSA_EEENS3_4listIJNS3_5valueIPS9_EENS_17reference_wrapperISoEEEEEEEE7managerERKNS1_15function_bufferERSN_NS1_30functor_manager_operation_typeENS1_16function_obj_tagE
FNA:5,0,_ZN5boost6detail8function15functor_managerINS_3_bi6bind_tINS3_11unspecifiedENS_4_mfi2mfIMNS_9unit_test17test_unit_fixtureEFvvEvS9_JEEENS3_4listIJNS3_5valueINS_10shared_ptrIS9_EEEEEEEEEE7managerERKNS1_15function_bufferERSL_NS1_30functor_manager_operation_typeENS1_16function_obj_tagE
FNA:5,1,_ZN5boost6detail8function15functor_managerINS_3_bi6bind_tIvPFvPFPNS_9unit_test10test_suiteEiPPcEENS3_4listIJNS3_5valueISB_EEEEEEEE7managerERKNS1_15function_bufferERSK_NS1_30functor_manager_operation_typeENS1_16function_obj_tagE
FNA:5,0,_ZN5boost6detail8function15functor_managerINS_3_bi6bind_tIvPFvRSoENS3_4listIJNS_17reference_wrapperISoEEEEEEEE7managerERKNS1_15function_bufferERSE_NS1_30functor_manager_operation_typeENS1_16function_obj_tagE
FNA:5,0,_ZN5boost6detail8function15functor_managerIZNS_9unit_test14runtime_config12_GLOBAL__N_1L19register_parametersERNS_7runtime16parameters_storeEEUlNS3_13basic_cstringIKcEEE_E7managerERKNS1_15function_bufferERSE_NS1_30functor_manager_operation_typeENS1_16function_obj_tagE
FNL:6,361,372
FNA:6,0,_ZN5boost6detail8function15functor_managerINS0_7forwardEE6manageERKNS1_15function_bufferERS5_NS1_30functor_manager_operation_typeE
FNA:6,3,_ZN5boost6detail8function15functor_managerINS_3_bi6bind_tINS3_11unspecifiedENS_4_mfi2mfIMNS_9unit_test13test_observerEFvmmEvS9_JmmEEENS3_4listIJNS3_5valueIPS9_EENSE_INS8_17test_case_counter19readonly_property43EEENSE_ImEEEEEEEE6manageERKNS1_15function_bufferERSO_NS1_30functor_manager_operation_typeE
FNA:6,0,_ZN5boost6detail8function15functor_managerINS_3_bi6bind_tINS3_11unspecifiedENS_4_mfi2mfIMNS_9unit_test15unit_test_log_tEFvNS8_13output_formatERSoEvS9_JSA_SB_EEENS3_4listIJNS3_5valueIPS9_EENSG_ISA_EENS_17reference_wrapperISoEEEEEEEE6manageERKNS1_15function_bufferERSP_NS1_30functor_manager_operation_typeE
FNA:6,0,_ZN5boost6detail8function15functor_managerINS_3_bi6bind_tINS3_11unspecifiedENS_4_mfi2mfIMNS_9unit_test15unit_test_log_tEFvRSoEvS9_JSA_EEENS3_4listIJNS3_5valueIPS9_EENS_17reference_wrapperISoEEEEEEEE6manageERKNS1_15function_bufferERSN_NS1_30functor_manager_operation_typeE
FNA:6,0,_ZN5boost6detail8function15functor_managerINS_3_bi6bind_tINS3_11unspecifiedENS_4_mfi2mfIMNS_9unit_test17test_unit_fixtureEFvvEvS9_JEEENS3_4listIJNS3_5valueINS_10shared_ptrIS9_EEEEEEEEEE6manageERKNS1_15function_bufferERSL_NS1_30functor_manager_operation_typeE
FNA:6,1,_ZN5boost6detail8function15functor_managerINS_3_bi6bind_tIvPFvPFPNS_9unit_test10test_suiteEiPPcEENS3_4listIJNS3_5valueISB_EEEEEEEE6manageERKNS1_15function_bufferERSK_NS1_30functor_manager_operation_typeE
FNA:6,0,_ZN5boost6detail8function15functor_managerINS_3_bi6bind_tIvPFvRSoENS3_4listIJNS_17reference_wrapperISoEEEEEEEE6manageERKNS1_15function_bufferERSE_NS1_30functor_manager_operation_typeE
FNA:6,9,_ZN5boost6detail8function15functor_managerIPFvRKNS_5debug16dbg_startup_infoEEE6manageERKNS1_15function_bufferERSA_NS1_30functor_manager_operation_typeE
FNA:6,45,_ZN5boost6detail8function15functor_managerIPFvvEE6manageERKNS1_15function_bufferERS6_NS1_30functor_manager_operation_typeE
FNA:6,0,_ZN5boost6detail8function15functor_managerIZNS_9unit_test14runtime_config12_GLOBAL__N_1L19register_parametersERNS_7runtime16parameters_storeEEUlNS3_13basic_cstringIKcEEE_E6manageERKNS1_15function_bufferERSE_NS1_30functor_manager_operation_typeE
FNL:7,497,497
FNA:7,257,_ZN5boost13function_baseC2Ev
FNL:8,500,500
FNA:8,253,_ZNK5boost13function_base5emptyEv
FNL:9,574,576
FNA:9,221,_ZNK5boost13function_base28has_trivial_copy_and_destroyEv
FNL:10,593,593
FNA:10,0,_ZN5boost17bad_function_callC2Ev
FNL:11,711,714
FNA:11,54,_ZN5boost6detail8function16has_empty_targetEz
FNF:12
FNH:11
DA:226,54
DA:229,54
DA:230,0
DA:231,54
DA:232,0
DA:233,0
DA:234,54
DA:235,54
DA:236,0
DA:237,0
DA:238,0
DA:240,0
DA:242,0
DA:243,0
DA:244,0
DA:246,54
DA:250,1
DA:253,1
DA:254,0
DA:256,0
DA:258,1
DA:259,0
DA:260,0
DA:261,0
DA:262,1
DA:264,1
DA:266,1
DA:267,0
DA:268,0
DA:269,0
DA:271,0
DA:273,0
DA:274,0
DA:275,0
DA:277,1
DA:288,54
DA:291,54
DA:292,54
DA:296,1
DA:299,1
DA:300,1
DA:304,3
DA:307,3
DA:313,0
DA:315,0
DA:316,0
DA:317,3
DA:318,0
DA:319,0
DA:320,3
DA:322,3
DA:324,3
DA:325,3
DA:326,0
DA:327,0
DA:328,0
DA:330,0
DA:332,0
DA:333,0
DA:334,0
DA:336,3
DA:342,4
DA:345,4
DA:347,4
DA:361,58
DA:365,58
DA:366,0
DA:367,0
DA:368,0
DA:370,58
DA:372,58
DA:497,257
DA:500,253
DA:574,221
DA:575,221
DA:593,0
DA:711,54
DA:713,54
LF:78
LH:40
end_of_record
TN:
SF:/usr/include/boost/function/function_template.hpp
FNL:0,1076,1076
FNA:0,28,_ZN5boost8functionIFvNS_9unit_test13basic_cstringIKcEEEEC2Ev
FNA:0,9,_ZN5boost8functionIFvRKNS_5debug16dbg_startup_infoEEEC2Ev
FNA:0,1,_ZN5boost8functionIFvvEEC2Ev
FNL:1,1079,1086
FNA:1,49,_ZN5boost8functionIFivEEC2INS_6detail7forwardEEET_NSt9enable_ifIXntsrSt11is_integralIS6_E5valueEiE4typeE
FNA:1,1,_ZN5boost8functionIFvNS_9unit_test13basic_cstringIKcEEEEC2IZNS1_14runtime_config12_GLOBAL__N_1L19register_parametersERNS_7runtime16parameters_storeEEUlS4_E_EET_NSt9enable_ifIXntsrSt11is_integralISE_E5valueEiE4typeE
FNA:1,9,_ZN5boost8functionIFvRKNS_5debug16dbg_startup_infoEEEC2IPS5_EET_NSt9enable_ifIXntsrSt11is_integralIS9_E5valueEiE4typeE
FNA:1,3,_ZN5boost8functionIFvvEEC2INS_3_bi6bind_tINS4_11unspecifiedENS_4_mfi2mfIMNS_9unit_test13test_observerEFvmmEvSA_JmmEEENS4_4listIJNS4_5valueIPSA_EENSF_INS9_17test_case_counter19readonly_property43EEENSF_ImEEEEEEEEET_NSt9enable_ifIXntsrSt11is_integralISO_E5valueEiE4typeE
FNA:1,0,_ZN5boost8functionIFvvEEC2INS_3_bi6bind_tINS4_11unspecifiedENS_4_mfi2mfIMNS_9unit_test15unit_test_log_tEFvNS9_13output_formatERSoEvSA_JSB_SC_EEENS4_4listIJNS4_5valueIPSA_EENSH_ISB_EENS_17reference_wrapperISoEEEEEEEEET_NSt9enable_ifIXntsrSt11is_integralISP_E5valueEiE4typeE
FNA:1,0,_ZN5boost8functionIFvvEEC2INS_3_bi6bind_tINS4_11unspecifiedENS_4_mfi2mfIMNS_9unit_test15unit_test_log_tEFvRSoEvSA_JSB_EEENS4_4listIJNS4_5valueIPSA_EENS_17reference_wrapperISoEEEEEEEEET_NSt9enable_ifIXntsrSt11is_integralISN_E5valueEiE4typeE
FNA:1,0,_ZN5boost8functionIFvvEEC2INS_3_bi6bind_tINS4_11unspecifiedENS_4_mfi2mfIMNS_9unit_test17test_unit_fixtureEFvvEvSA_JEEENS4_4listIJNS4_5valueINS_10shared_ptrISA_EEEEEEEEEEET_NSt9enable_ifIXntsrSt11is_integralISL_E5valueEiE4typeE
FNA:1,1,_ZN5boost8functionIFvvEEC2INS_3_bi6bind_tIvPFvPFPNS_9unit_test10test_suiteEiPPcEENS4_4listIJNS4_5valueISC_EEEEEEEEET_NSt9enable_ifIXntsrSt11is_integralISK_E5valueEiE4typeE
FNA:1,0,_ZN5boost8functionIFvvEEC2INS_3_bi6bind_tIvPFvRSoENS4_4listIJNS_17reference_wrapperISoEEEEEEEEET_NSt9enable_ifIXntsrSt11is_integralISE_E5valueEiE4typeE
FNA:1,45,_ZN5boost8functionIFvvEEC2IPS1_EET_NSt9enable_ifIXntsrSt11is_integralIS5_E5valueEiE4typeE
FNL:2,1099,1099
FNA:2,0,_ZN5boost8functionIFNS_10test_tools16assertion_resultEmEEC2ERKS4_
FNA:2,28,_ZN5boost8functionIFvNS_9unit_test13basic_cstringIKcEEEEC2ERKS6_
FNA:2,0,_ZN5boost8functionIFvRKNS_5debug16dbg_startup_infoEEEC2ERKS6_
FNA:2,45,_ZN5boost8functionIFvvEEC2ERKS2_
FNL:3,1104,1104
FNA:3,28,_ZN5boost8functionIFvNS_9unit_test13basic_cstringIKcEEEEC2EOS6_
FNL:4,1107,1111
FNA:4,0,_ZN5boost8functionIFvRKNS_5debug16dbg_startup_infoEEEaSERKS6_
FNL:5,1123,1127
FNA:5,1,_ZN5boost8functionIFvNS_9unit_test13basic_cstringIKcEEEEaSIZNS1_14runtime_config12_GLOBAL__N_1L19register_parametersERNS_7runtime16parameters_storeEEUlS4_E_EENSt9enable_ifIXntsrSt11is_integralIT_E5valueERS6_E4typeESG_
FNA:5,9,_ZN5boost8functionIFvRKNS_5debug16dbg_startup_infoEEEaSIPS5_EENSt9enable_ifIXntsrSt11is_integralIT_E5valueERS6_E4typeESB_
FNL:6,422,426
FNA:6,49,_ZNK5boost6detail8function12basic_vtableIiJEE9assign_toINS0_7forwardEEEbT_RNS1_15function_bufferE
FNA:6,3,_ZNK5boost6detail8function12basic_vtableIvJEE9assign_toINS_3_bi6bind_tINS5_11unspecifiedENS_4_mfi2mfIMNS_9unit_test13test_observerEFvmmEvSB_JmmEEENS5_4listIJNS5_5valueIPSB_EENSG_INSA_17test_case_counter19readonly_property43EEENSG_ImEEEEEEEEEbT_RNS1_15function_bufferE
FNA:6,0,_ZNK5boost6detail8function12basic_vtableIvJEE9assign_toINS_3_bi6bind_tINS5_11unspecifiedENS_4_mfi2mfIMNS_9unit_test15unit_test_log_tEFvNSA_13output_formatERSoEvSB_JSC_SD_EEENS5_4listIJNS5_5valueIPSB_EENSI_ISC_EENS_17reference_wrapperISoEEEEEEEEEbT_RNS1_15function_bufferE
FNA:6,0,_ZNK5boost6detail8function12basic_vtableIvJEE9assign_toINS_3_bi6bind_tINS5_11unspecifiedENS_4_mfi2mfIMNS_9unit_test15unit_test_log_tEFvRSoEvSB_JSC_EEENS5_4listIJNS5_5valueIPSB_EENS_17reference_wrapperISoEEEEEEEEEbT_RNS1_15function_bufferE
FNA:6,0,_ZNK5boost6detail8function12basic_vtableIvJEE9assign_toINS_3_bi6bind_tINS5_11unspecifiedENS_4_mfi2mfIMNS_9unit_test17test_unit_fixtureEFvvEvSB_JEEENS5_4listIJNS5_5valueINS_10shared_ptrISB_EEEEEEEEEEEbT_RNS1_15function_bufferE
FNA:6,1,_ZNK5boost6detail8function12basic_vtableIvJEE9assign_toINS_3_bi6bind_tIvPFvPFPNS_9unit_test10test_suiteEiPPcEENS5_4listIJNS5_5valueISD_EEEEEEEEEbT_RNS1_15function_bufferE
FNA:6,0,_ZNK5boost6detail8function12basic_vtableIvJEE9assign_toINS_3_bi6bind_tIvPFvRSoENS5_4listIJNS_17reference_wrapperISoEEEEEEEEEbT_RNS1_15function_bufferE
FNA:6,45,_ZNK5boost6detail8function12basic_vtableIvJEE9assign_toIPFvvEEEbT_RNS1_15function_bufferE
FNA:6,1,_ZNK5boost6detail8function12basic_vtableIvJNS_9unit_test13basic_cstringIKcEEEE9assign_toIZNS3_14runtime_config12_GLOBAL__N_1L19register_parametersERNS_7runtime16parameters_storeEEUlS6_E_EEbT_RNS1_15function_bufferE
FNA:6,9,_ZNK5boost6detail8function12basic_vtableIvJRKNS_5debug16dbg_startup_infoEEE9assign_toIPFvS6_EEEbT_RNS1_15function_bufferE
FNL:7,434,446
FNA:7,0,_ZNK5boost6detail8function12basic_vtableINS_10test_tools16assertion_resultEJmEE5clearERNS1_15function_bufferE
FNA:7,0,_ZNK5boost6detail8function12basic_vtableIiJEE5clearERNS1_15function_bufferE
FNA:7,49,_ZNK5boost6detail8function12basic_vtableIvJEE5clearERNS1_15function_bufferE
FNA:7,0,_ZNK5boost6detail8function12basic_vtableIvJNS_9unit_test13basic_cstringIKcEEEE5clearERNS1_15function_bufferE
FNA:7,9,_ZNK5boost6detail8function12basic_vtableIvJRKNS_5debug16dbg_startup_infoEEE5clearERNS1_15function_bufferE
FNL:8,452,461
FNA:8,45,_ZNK5boost6detail8function12basic_vtableIvJEE9assign_toIPFvvEEEbT_RNS1_15function_bufferENS1_16function_ptr_tagE
FNA:8,9,_ZNK5boost6detail8function12basic_vtableIvJRKNS_5debug16dbg_startup_infoEEE9assign_toIPFvS6_EEEbT_RNS1_15function_bufferENS1_16function_ptr_tagE
FNL:9,501,504
FNA:9,49,_ZNK5boost6detail8function12basic_vtableIiJEE14assign_functorINS0_7forwardEEEvT_RNS1_15function_bufferESt17integral_constantIbLb1EE
FNA:9,1,_ZNK5boost6detail8function12basic_vtableIvJEE14assign_functorINS_3_bi6bind_tIvPFvPFPNS_9unit_test10test_suiteEiPPcEENS5_4listIJNS5_5valueISD_EEEEEEEEEvT_RNS1_15function_bufferESt17integral_constantIbLb1EE
FNA:9,0,_ZNK5boost6detail8function12basic_vtableIvJEE14assign_functorINS_3_bi6bind_tIvPFvRSoENS5_4listIJNS_17reference_wrapperISoEEEEEEEEEvT_RNS1_15function_bufferESt17integral_constantIbLb1EE
FNA:9,1,_ZNK5boost6detail8function12basic_vtableIvJNS_9unit_test13basic_cstringIKcEEEE14assign_functorIZNS3_14runtime_config12_GLOBAL__N_1L19register_parametersERNS_7runtime16parameters_storeEEUlS6_E_EEvT_RNS1_15function_bufferESt17integral_constantIbLb1EE
FNL:10,515,518
FNA:10,3,_ZNK5boost6detail8function12basic_vtableIvJEE14assign_functorINS_3_bi6bind_tINS5_11unspecifiedENS_4_mfi2mfIMNS_9unit_test13test_observerEFvmmEvSB_JmmEEENS5_4listIJNS5_5valueIPSB_EENSG_INSA_17test_case_counter19readonly_property43EEENSG_ImEEEEEEEEEvT_RNS1_15function_bufferESt17integral_constantIbLb0EE
FNA:10,0,_ZNK5boost6detail8function12basic_vtableIvJEE14assign_functorINS_3_bi6bind_tINS5_11unspecifiedENS_4_mfi2mfIMNS_9unit_test15unit_test_log_tEFvNSA_13output_formatERSoEvSB_JSC_SD_EEENS5_4listIJNS5_5valueIPSB_EENSI_ISC_EENS_17reference_wrapperISoEEEEEEEEEvT_RNS1_15function_bufferESt17integral_constantIbLb0EE
FNA:10,0,_ZNK5boost6detail8function12basic_vtableIvJEE14assign_functorINS_3_bi6bind_tINS5_11unspecifiedENS_4_mfi2mfIMNS_9unit_test15unit_test_log_tEFvRSoEvSB_JSC_EEENS5_4listIJNS5_5valueIPSB_EENS_17reference_wrapperISoEEEEEEEEEvT_RNS1_15function_bufferESt17integral_constantIbLb0EE
FNA:10,0,_ZNK5boost6detail8function12basic_vtableIvJEE14assign_functorINS_3_bi6bind_tINS5_11unspecifiedENS_4_mfi2mfIMNS_9unit_test17test_unit_fixtureEFvvEvSB_JEEENS5_4listIJNS5_5valueINS_10shared_ptrISB_EEEEEEEEEEEvT_RNS1_15function_bufferESt17integral_constantIbLb0EE
FNL:11,538,547
FNA:11,49,_ZNK5boost6detail8function12basic_vtableIiJEE9assign_toINS0_7forwardEEEbT_RNS1_15function_bufferENS1_16function_obj_tagE
FNA:11,3,_ZNK5boost6detail8function12basic_vtableIvJEE9assign_toINS_3_bi6bind_tINS5_11unspecifiedENS_4_mfi2mfIMNS_9unit_test13test_observerEFvmmEvSB_JmmEEENS5_4listIJNS5_5valueIPSB_EENSG_INSA_17test_case_counter19readonly_property43EEENSG_ImEEEEEEEEEbT_RNS1_15function_bufferENS1_16function_obj_tagE
FNA:11,0,_ZNK5boost6detail8function12basic_vtableIvJEE9assign_toINS_3_bi6bind_tINS5_11unspecifiedENS_4_mfi2mfIMNS_9unit_test15unit_test_log_tEFvNSA_13output_formatERSoEvSB_JSC_SD_EEENS5_4listIJNS5_5valueIPSB_EENSI_ISC_EENS_17reference_wrapperISoEEEEEEEEEbT_RNS1_15function_bufferENS1_16function_obj_tagE
FNA:11,0,_ZNK5boost6detail8function12basic_vtableIvJEE9assign_toINS_3_bi6bind_tINS5_11unspecifiedENS_4_mfi2mfIMNS_9unit_test15unit_test_log_tEFvRSoEvSB_JSC_EEENS5_4listIJNS5_5valueIPSB_EENS_17reference_wrapperISoEEEEEEEEEbT_RNS1_15function_bufferENS1_16function_obj_tagE
FNA:11,0,_ZNK5boost6detail8function12basic_vtableIvJEE9assign_toINS_3_bi6bind_tINS5_11unspecifiedENS_4_mfi2mfIMNS_9unit_test17test_unit_fixtureEFvvEvSB_JEEENS5_4listIJNS5_5valueINS_10shared_ptrISB_EEEEEEEEEEEbT_RNS1_15function_bufferENS1_16function_obj_tagE
FNA:11,1,_ZNK5boost6detail8function12basic_vtableIvJEE9assign_toINS_3_bi6bind_tIvPFvPFPNS_9unit_test10test_suiteEiPPcEENS5_4listIJNS5_5valueISD_EEEEEEEEEbT_RNS1_15function_bufferENS1_16function_obj_tagE
FNA:11,0,_ZNK5boost6detail8function12basic_vtableIvJEE9assign_toINS_3_bi6bind_tIvPFvRSoENS5_4listIJNS_17reference_wrapperISoEEEEEEEEEbT_RNS1_15function_bufferENS1_16function_obj_tagE
FNA:11,1,_ZNK5boost6detail8function12basic_vtableIvJNS_9unit_test13basic_cstringIKcEEEE9assign_toIZNS3_14runtime_config12_GLOBAL__N_1L19register_parametersERNS_7runtime16parameters_storeEEUlS6_E_EEbT_RNS1_15function_bufferENS1_16function_obj_tagE
FNL:12,54,60
FNA:12,0,_ZN5boost6detail8function21void_function_invokerIPFvRKNS_5debug16dbg_startup_infoEEvJS6_EE6invokeERNS1_15function_bufferES6_
FNA:12,45,_ZN5boost6detail8function21void_function_invokerIPFvvEvJEE6invokeERNS1_15function_bufferE
FNL:13,70,80
FNA:13,49,_ZN5boost6detail8function20function_obj_invokerINS0_7forwardEiJEE6invokeERNS1_15function_bufferE
FNL:14,726,729
FNA:14,0,_ZNK5boost10function_nINS_10test_tools16assertion_resultEJmEE10get_vtableEv
FNA:14,49,_ZNK5boost10function_nIiJEE10get_vtableEv
FNA:14,53,_ZNK5boost10function_nIvJEE10get_vtableEv
FNA:14,0,_ZNK5boost10function_nIvJNS_9unit_test13basic_cstringIKcEEEE10get_vtableEv
FNA:14,0,_ZNK5boost10function_nIvJRKNS_5debug16dbg_startup_infoEEE10get_vtableEv
FNL:15,745,745
FNA:15,1,_ZN5boost10function_nIvJEEC2Ev
FNA:15,29,_ZN5boost10function_nIvJNS_9unit_test13basic_cstringIKcEEEEC2Ev
FNA:15,18,_ZN5boost10function_nIvJRKNS_5debug16dbg_startup_infoEEEC2Ev
FNL:16,750,758
FNA:16,49,_ZN5boost10function_nIiJEEC2INS_6detail7forwardEEET_NSt9enable_ifIXntsrSt11is_integralIS5_E5valueEiE4typeE
FNA:16,3,_ZN5boost10function_nIvJEEC2INS_3_bi6bind_tINS3_11unspecifiedENS_4_mfi2mfIMNS_9unit_test13test_observerEFvmmEvS9_JmmEEENS3_4listIJNS3_5valueIPS9_EENSE_INS8_17test_case_counter19readonly_property43EEENSE_ImEEEEEEEEET_NSt9enable_ifIXntsrSt11is_integralISN_E5valueEiE4typeE
FNA:16,0,_ZN5boost10function_nIvJEEC2INS_3_bi6bind_tINS3_11unspecifiedENS_4_mfi2mfIMNS_9unit_test15unit_test_log_tEFvNS8_13output_formatERSoEvS9_JSA_SB_EEENS3_4listIJNS3_5valueIPS9_EENSG_ISA_EENS_17reference_wrapperISoEEEEEEEEET_NSt9enable_ifIXntsrSt11is_integralISO_E5valueEiE4typeE
FNA:16,0,_ZN5boost10function_nIvJEEC2INS_3_bi6bind_tINS3_11unspecifiedENS_4_mfi2mfIMNS_9unit_test15unit_test_log_tEFvRSoEvS9_JSA_EEENS3_4listIJNS3_5valueIPS9_EENS_17reference_wrapperISoEEEEEEEEET_NSt9enable_ifIXntsrSt11is_integralISM_E5valueEiE4typeE
FNA:16,0,_ZN5boost10function_nIvJEEC2INS_3_bi6bind_tINS3_11unspecifiedENS_4_mfi2mfIMNS_9unit_test17test_unit_fixtureEFvvEvS9_JEEENS3_4listIJNS3_5valueINS_10shared_ptrIS9_EEEEEEEEEEET_NSt9enable_ifIXntsrSt11is_integralISK_E5valueEiE4typeE
FNA:16,1,_ZN5boost10function_nIvJEEC2INS_3_bi6bind_tIvPFvPFPNS_9unit_test10test_suiteEiPPcEENS3_4listIJNS3_5valueISB_EEEEEEEEET_NSt9enable_ifIXntsrSt11is_integralISJ_E5valueEiE4typeE
FNA:16,0,_ZN5boost10function_nIvJEEC2INS_3_bi6bind_tIvPFvRSoENS3_4listIJNS_17reference_wrapperISoEEEEEEEEET_NSt9enable_ifIXntsrSt11is_integralISD_E5valueEiE4typeE
FNA:16,45,_ZN5boost10function_nIvJEEC2IPFvvEEET_NSt9enable_ifIXntsrSt11is_integralIS5_E5valueEiE4typeE
FNA:16,1,_ZN5boost10function_nIvJNS_9unit_test13basic_cstringIKcEEEEC2IZNS1_14runtime_config12_GLOBAL__N_1L19register_parametersERNS_7runtime16parameters_storeEEUlS4_E_EET_NSt9enable_ifIXntsrSt11is_integralISD_E5valueEiE4typeE
FNA:16,9,_ZN5boost10function_nIvJRKNS_5debug16dbg_startup_infoEEEC2IPFvS4_EEET_NSt9enable_ifIXntsrSt11is_integralIS9_E5valueEiE4typeE
FNL:17,772,775
FNA:17,0,_ZN5boost10function_nINS_10test_tools16assertion_resultEJmEEC2ERKS3_
FNA:17,45,_ZN5boost10function_nIvJEEC2ERKS1_
FNA:17,28,_ZN5boost10function_nIvJNS_9unit_test13basic_cstringIKcEEEEC2ERKS5_
FNA:17,0,_ZN5boost10function_nIvJRKNS_5debug16dbg_startup_infoEEEC2ERKS5_
FNL:18,777,780
FNA:18,28,_ZN5boost10function_nIvJNS_9unit_test13basic_cstringIKcEEEEC2EOS5_
FNL:19,782,782
FNA:19,0,_ZN5boost10function_nINS_10test_tools16assertion_resultEJmEED2Ev
FNA:19,49,_ZN5boost10function_nIiJEED2Ev
FNA:19,95,_ZN5boost10function_nIvJEED2Ev
FNA:19,86,_ZN5boost10function_nIvJNS_9unit_test13basic_cstringIKcEEEED2Ev
FNA:19,27,_ZN5boost10function_nIvJRKNS_5debug16dbg_startup_infoEEED2Ev
FNL:20,784,791
FNA:20,0,_ZNK5boost10function_nINS_10test_tools16assertion_resultEJmEEclEm
FNA:20,49,_ZNK5boost10function_nIiJEEclEv
FNA:20,49,_ZNK5boost10function_nIvJEEclEv
FNA:20,0,_ZNK5boost10function_nIvJNS_9unit_test13basic_cstringIKcEEEEclES4_
FNA:20,0,_ZNK5boost10function_nIvJRKNS_5debug16dbg_startup_infoEEEclES4_
FNL:21,867,876
FNA:21,1,_ZN5boost10function_nIvJNS_9unit_test13basic_cstringIKcEEEE4swapERS5_
FNA:21,9,_ZN5boost10function_nIvJRKNS_5debug16dbg_startup_infoEEE4swapERS5_
FNL:22,879,886
FNA:22,0,_ZN5boost10function_nINS_10test_tools16assertion_resultEJmEE5clearEv
FNA:22,49,_ZN5boost10function_nIiJEE5clearEv
FNA:22,95,_ZN5boost10function_nIvJEE5clearEv
FNA:22,114,_ZN5boost10function_nIvJNS_9unit_test13basic_cstringIKcEEEE5clearEv
FNA:22,36,_ZN5boost10function_nIvJRKNS_5debug16dbg_startup_infoEEE5clearEv
FNL:23,888,888
FNA:23,1,_ZNK5boost10function_nIvJEEcvbEv
FNA:23,23,_ZNK5boost10function_nIvJNS_9unit_test13basic_cstringIKcEEEEcvbEv
FNA:23,0,_ZNK5boost10function_nIvJRKNS_5debug16dbg_startup_infoEEEcvbEv
FNL:24,891,916
FNA:24,0,_ZN5boost10function_nINS_10test_tools16assertion_resultEJmEE13assign_to_ownERKS3_
FNA:24,45,_ZN5boost10function_nIvJEE13assign_to_ownERKS1_
FNA:24,28,_ZN5boost10function_nIvJNS_9unit_test13basic_cstringIKcEEEE13assign_to_ownERKS5_
FNA:24,0,_ZN5boost10function_nIvJRKNS_5debug16dbg_startup_infoEEE13assign_to_ownERKS5_
FNL:25,91,101
FNA:25,3,_ZN5boost6detail8function25void_function_obj_invokerINS_3_bi6bind_tINS3_11unspecifiedENS_4_mfi2mfIMNS_9unit_test13test_observerEFvmmEvS9_JmmEEENS3_4listIJNS3_5valueIPS9_EENSE_INS8_17test_case_counter19readonly_property43EEENSE_ImEEEEEEEvJEE6invokeERNS1_15function_bufferE
FNA:25,0,_ZN5boost6detail8function25void_function_obj_invokerINS_3_bi6bind_tINS3_11unspecifiedENS_4_mfi2mfIMNS_9unit_test15unit_test_log_tEFvNS8_13output_formatERSoEvS9_JSA_SB_EEENS3_4listIJNS3_5valueIPS9_EENSG_ISA_EENS_17reference_wrapperISoEEEEEEEvJEE6invokeERNS1_15function_bufferE
FNA:25,0,_ZN5boost6detail8function25void_function_obj_invokerINS_3_bi6bind_tINS3_11unspecifiedENS_4_mfi2mfIMNS_9unit_test15unit_test_log_tEFvRSoEvS9_JSA_EEENS3_4listIJNS3_5valueIPS9_EENS_17reference_wrapperISoEEEEEEEvJEE6invokeERNS1_15function_bufferE
FNA:25,0,_ZN5boost6detail8function25void_function_obj_invokerINS_3_bi6bind_tINS3_11unspecifiedENS_4_mfi2mfIMNS_9unit_test17test_unit_fixtureEFvvEvS9_JEEENS3_4listIJNS3_5valueINS_10shared_ptrIS9_EEEEEEEEEvJEE6invokeERNS1_15function_bufferE
FNA:25,1,_ZN5boost6detail8function25void_function_obj_invokerINS_3_bi6bind_tIvPFvPFPNS_9unit_test10test_suiteEiPPcEENS3_4listIJNS3_5valueISB_EEEEEEEvJEE6invokeERNS1_15function_bufferE
FNA:25,0,_ZN5boost6detail8function25void_function_obj_invokerINS_3_bi6bind_tIvPFvRSoENS3_4listIJNS_17reference_wrapperISoEEEEEEEvJEE6invokeERNS1_15function_bufferE
FNA:25,0,_ZN5boost6detail8function25void_function_obj_invokerIZNS_9unit_test14runtime_config12_GLOBAL__N_1L19register_parametersERNS_7runtime16parameters_storeEEUlNS3_13basic_cstringIKcEEE_vJSB_EE6invokeERNS1_15function_bufferESB_
FNL:26,919,949
FNA:26,49,_ZN5boost10function_nIiJEE9assign_toINS_6detail7forwardEEEvT_
FNA:26,3,_ZN5boost10function_nIvJEE9assign_toINS_3_bi6bind_tINS3_11unspecifiedENS_4_mfi2mfIMNS_9unit_test13test_observerEFvmmEvS9_JmmEEENS3_4listIJNS3_5valueIPS9_EENSE_INS8_17test_case_counter19readonly_property43EEENSE_ImEEEEEEEEEvT_
FNA:26,0,_ZN5boost10function_nIvJEE9assign_toINS_3_bi6bind_tINS3_11unspecifiedENS_4_mfi2mfIMNS_9unit_test15unit_test_log_tEFvNS8_13output_formatERSoEvS9_JSA_SB_EEENS3_4listIJNS3_5valueIPS9_EENSG_ISA_EENS_17reference_wrapperISoEEEEEEEEEvT_
FNA:26,0,_ZN5boost10function_nIvJEE9assign_toINS_3_bi6bind_tINS3_11unspecifiedENS_4_mfi2mfIMNS_9unit_test15unit_test_log_tEFvRSoEvS9_JSA_EEENS3_4listIJNS3_5valueIPS9_EENS_17reference_wrapperISoEEEEEEEEEvT_
FNA:26,0,_ZN5boost10function_nIvJEE9assign_toINS_3_bi6bind_tINS3_11unspecifiedENS_4_mfi2mfIMNS_9unit_test17test_unit_fixtureEFvvEvS9_JEEENS3_4listIJNS3_5valueINS_10shared_ptrIS9_EEEEEEEEEEEvT_
FNA:26,1,_ZN5boost10function_nIvJEE9assign_toINS_3_bi6bind_tIvPFvPFPNS_9unit_test10test_suiteEiPPcEENS3_4listIJNS3_5valueISB_EEEEEEEEEvT_
FNA:26,0,_ZN5boost10function_nIvJEE9assign_toINS_3_bi6bind_tIvPFvRSoENS3_4listIJNS_17reference_wrapperISoEEEEEEEEEvT_
FNA:26,45,_ZN5boost10function_nIvJEE9assign_toIPFvvEEEvT_
FNA:26,1,_ZN5boost10function_nIvJNS_9unit_test13basic_cstringIKcEEEE9assign_toIZNS1_14runtime_config12_GLOBAL__N_1L19register_parametersERNS_7runtime16parameters_storeEEUlS4_E_EEvT_
FNA:26,9,_ZN5boost10function_nIvJRKNS_5debug16dbg_startup_infoEEE9assign_toIPFvS4_EEEvT_
FNL:27,987,1032
FNA:27,31,_ZN5boost10function_nIvJNS_9unit_test13basic_cstringIKcEEEE11move_assignERS5_
FNA:27,27,_ZN5boost10function_nIvJRKNS_5debug16dbg_startup_infoEEE11move_assignERS5_
FNF:28
FNH:27
DA:54,45
DA:58,45
DA:59,45
DA:60,45
DA:70,49
DA:76,49
DA:79,49
DA:91,4
DA:97,1
DA:99,3
DA:100,4
DA:101,4
DA:422,108
DA:425,108
DA:434,58
DA:441,58
DA:442,58
DA:446,58
DA:452,54
DA:454,54
DA:455,54
DA:456,54
DA:457,54
DA:459,0
DA:501,51
DA:503,102
DA:504,51
DA:515,3
DA:517,6
DA:518,3
DA:538,54
DA:540,54
DA:541,54
DA:543,54
DA:545,0
DA:726,102
DA:728,102
DA:745,48
DA:750,108
DA:755,108
DA:757,108
DA:758,108
DA:772,73
DA:774,73
DA:775,73
DA:777,28
DA:779,28
DA:780,28
DA:782,257
DA:784,98
DA:786,98
DA:787,0
DA:789,98
DA:790,98
DA:867,10
DA:869,10
DA:870,0
DA:872,10
DA:873,10
DA:874,10
DA:875,10
DA:876,10
DA:879,294
DA:881,294
DA:882,154
DA:883,4
DA:884,154
DA:886,294
DA:888,24
DA:891,73
DA:893,73
DA:894,46
DA:895,46
DA:908,46
DA:913,0
DA:916,73
DA:919,108
DA:940,216
DA:941,108
DA:945,104
DA:946,108
DA:948,0
DA:949,108
DA:987,58
DA:989,58
DA:990,0
DA:993,58
DA:994,21
DA:995,21
DA:1008,21
DA:1018,0
DA:1023,21
DA:1025,37
DA:1027,0
DA:1028,0
DA:1029,0
DA:1076,38
DA:1079,108
DA:1084,216
DA:1086,108
DA:1099,73
DA:1104,28
DA:1107,0
DA:1109,0
DA:1110,0
DA:1123,10
DA:1125,10
DA:1126,10
LF:108
LH:94
end_of_record
TN:
SF:/usr/include/boost/get_pointer.hpp
FNL:0,20,23
FNA:0,3,_ZN5boost11get_pointerINS_9unit_test13test_observerEEEPT_S4_
FNA:0,0,_ZN5boost11get_pointerINS_9unit_test15unit_test_log_tEEEPT_S4_
FNF:1
FNH:1
DA:20,3
DA:22,3
LF:2
LH:2
end_of_record
TN:
SF:/usr/include/boost/io/ios_state.hpp
FNL:0,370,374
FNA:0,8,_ZN5boost2io18ios_base_all_saverC2ERSt8ios_base
FNL:1,376,378
FNA:1,8,_ZN5boost2io18ios_base_all_saverD2Ev
FNL:2,380,384
FNA:2,151,_ZN5boost2io18ios_base_all_saver7restoreEv
FNF:3
FNH:3
DA:370,8
DA:371,8
DA:372,8
DA:373,8
DA:374,8
DA:376,8
DA:377,8
DA:378,8
DA:380,151
DA:381,151
DA:382,151
DA:383,151
DA:384,151
LF:13
LH:13
end_of_record
TN:
SF:/usr/include/boost/iterator/iterator_facade.hpp
FNL:0,313,313
FNA:0,0,_ZN5boost9iterators6detail23operator_arrow_dispatchINS_9unit_test13basic_cstringIKcEEPS6_E5proxyC2ERKS6_
FNL:1,314,314
FNA:1,0,_ZN5boost9iterators6detail23operator_arrow_dispatchINS_9unit_test13basic_cstringIKcEEPS6_E5proxyptEv
FNL:2,323,326
FNA:2,0,_ZN5boost9iterators6detail23operator_arrow_dispatchINS_9unit_test13basic_cstringIKcEEPS6_E5applyERKS6_
FNL:3,508,511
FNA:3,0,_ZN5boost9iterators20iterator_core_access11dereferenceINS_9unit_test5utils27basic_string_token_iteratorIcNS4_9ut_detail20default_char_compareIcEEEEEENT_9referenceERKSA_
FNL:4,514,517
FNA:4,0,_ZN5boost9iterators20iterator_core_access9incrementINS_9unit_test5utils27basic_string_token_iteratorIcNS4_9ut_detail20default_char_compareIcEEEEEEvRT_
FNL:5,526,529
FNA:5,0,_ZN5boost9iterators20iterator_core_access5equalINS_9unit_test5utils27basic_string_token_iteratorIcNS4_9ut_detail20default_char_compareIcEEEES9_EEbRKT_RKT0_St17integral_constantIbLb1EE
FNL:6,606,609
FNA:6,0,_ZNK5boost9iterators6detail20iterator_facade_baseINS_9unit_test5utils27basic_string_token_iteratorIcNS4_9ut_detail20default_char_compareIcEEEENS3_13basic_cstringIKcEENS0_21forward_traversal_tagESC_lLb0ELb0EEdeEv
FNL:7,611,614
FNA:7,0,_ZNK5boost9iterators6detail20iterator_facade_baseINS_9unit_test5utils27basic_string_token_iteratorIcNS4_9ut_detail20default_char_compareIcEEEENS3_13basic_cstringIKcEENS0_21forward_traversal_tagESC_lLb0ELb0EEptEv
FNL:8,616,620
FNA:8,0,_ZN5boost9iterators6detail20iterator_facade_baseINS_9unit_test5utils27basic_string_token_iteratorIcNS4_9ut_detail20default_char_compareIcEEEENS3_13basic_cstringIKcEENS0_21forward_traversal_tagESC_lLb0ELb0EEppEv
FNL:9,626,629
FNA:9,0,_ZN5boost9iterators6detail20iterator_facade_baseINS_9unit_test5utils27basic_string_token_iteratorIcNS4_9ut_detail20default_char_compareIcEEEENS3_13basic_cstringIKcEENS0_21forward_traversal_tagESC_lLb0ELb0EE7derivedEv
FNL:10,631,634
FNA:10,0,_ZNK5boost9iterators6detail20iterator_facade_baseINS_9unit_test5utils27basic_string_token_iteratorIcNS4_9ut_detail20default_char_compareIcEEEENS3_13basic_cstringIKcEENS0_21forward_traversal_tagESC_lLb0ELb0EE7derivedEv
FNL:11,838,838
[...]
FNA:12,0,_ZSt12__get_helperILm0EN5boost17reference_wrapperISoEEJEERT0_RSt11_Tuple_implIXT_EJS3_DpT1_EE
FNA:12,0,_ZSt12__get_helperILm0EN5boost3_bi5valueINS0_10shared_ptrINS0_9unit_test17test_unit_fixtureEEEEEJEERT0_RSt11_Tuple_implIXT_EJS8_DpT1_EE
FNA:12,1,_ZSt12__get_helperILm0EN5boost3_bi5valueIPFPNS0_9unit_test10test_suiteEiPPcEEEJEERT0_RSt11_Tuple_implIXT_EJSB_DpT1_EE
FNA:12,3,_ZSt12__get_helperILm0EN5boost3_bi5valueIPNS0_9unit_test13test_observerEEEJNS2_INS3_17test_case_counter19readonly_property43EEENS2_ImEEEERT0_RSt11_Tuple_implIXT_EJSB_DpT1_EE
FNA:12,0,_ZSt12__get_helperILm0EN5boost3_bi5valueIPNS0_9unit_test15unit_test_log_tEEEJNS0_17reference_wrapperISoEEEERT0_RSt11_Tuple_implIXT_EJS9_DpT1_EE
FNA:12,0,_ZSt12__get_helperILm0EN5boost3_bi5valueIPNS0_9unit_test15unit_test_log_tEEEJNS2_INS3_13output_formatEEENS0_17reference_wrapperISoEEEERT0_RSt11_Tuple_implIXT_EJSB_DpT1_EE
FNA:12,0,_ZSt12__get_helperILm0EN5boost3argILi1EEEJNS0_17reference_wrapperIKNS0_9unit_test9test_unitEEEEERT0_RSt11_Tuple_implIXT_EJS8_DpT1_EE
FNA:12,3,_ZSt12__get_helperILm0EON5boost9unit_test13basic_cstringIKcEEJEERT0_RSt11_Tuple_implIXT_EJS6_DpT1_EE
FNA:12,9,_ZSt12__get_helperILm0EONSt7__cxx1112basic_stringIcSt11char_traitsIcESaIcEEEJEERT0_RSt11_Tuple_implIXT_EJS7_DpT1_EE
FNA:12,0,_ZSt12__get_helperILm0EOmJEERT0_RSt11_Tuple_implIXT_EJS1_DpT1_EE
FNA:12,0,_ZSt12__get_helperILm0ERKN5boost16exception_detail10type_info_EJEERT0_RSt11_Tuple_implIXT_EJS5_DpT1_EE
FNA:12,23,_ZSt12__get_helperILm0ERKN5boost9unit_test13basic_cstringIKcEEJEERT0_RSt11_Tuple_implIXT_EJS7_DpT1_EE
FNA:12,1,_ZSt12__get_helperILm0ERKN5boost9unit_test13output_formatEJEERT0_RSt11_Tuple_implIXT_EJS5_DpT1_EE
FNA:12,0,_ZSt12__get_helperILm0ERKNSt7__cxx1112basic_stringIcSt11char_traitsIcESaIcEEEJEERT0_RSt11_Tuple_implIXT_EJS8_DpT1_EE
FNA:12,105,_ZSt12__get_helperILm0ERKmJEERT0_RSt11_Tuple_implIXT_EJS2_DpT1_EE
FNA:12,0,_ZSt12__get_helperILm1EN5boost17reference_wrapperIKNS0_9unit_test9test_unitEEEJEERT0_RSt11_Tuple_implIXT_EJS6_DpT1_EE
FNA:12,0,_ZSt12__get_helperILm1EN5boost17reference_wrapperISoEEJEERT0_RSt11_Tuple_implIXT_EJS3_DpT1_EE
FNA:12,0,_ZSt12__get_helperILm1EN5boost3_bi5valueINS0_9unit_test13output_formatEEEJNS0_17reference_wrapperISoEEEERT0_RSt11_Tuple_implIXT_EJS8_DpT1_EE
FNA:12,3,_ZSt12__get_helperILm1EN5boost3_bi5valueINS0_9unit_test17test_case_counter19readonly_property43EEEJNS2_ImEEEERT0_RSt11_Tuple_implIXT_EJS8_DpT1_EE
FNA:12,0,_ZSt12__get_helperILm2EN5boost17reference_wrapperISoEEJEERT0_RSt11_Tuple_implIXT_EJS3_DpT1_EE
FNA:12,3,_ZSt12__get_helperILm2EN5boost3_bi5valueImEEJEERT0_RSt11_Tuple_implIXT_EJS4_DpT1_EE
FNL:13,2433,2434
FNA:13,0,_ZSt12__get_helperILm0ERKN5boost9unit_test9framework4impl11name_filter9componentEJEERKT0_RKSt11_Tuple_implIXT_EJS8_DpT1_EE
FNL:14,2444,2445
FNA:14,0,_ZSt3getILm0EJN5boost17reference_wrapperISoEEEERNSt13tuple_elementIXT_ESt5tupleIJDpT0_EEE4typeERS7_
FNA:14,0,_ZSt3getILm0EJN5boost3_bi5valueINS0_10shared_ptrINS0_9unit_test17test_unit_fixtureEEEEEEERNSt13tuple_elementIXT_ESt5tupleIJDpT0_EEE4typeERSC_
FNA:14,1,_ZSt3getILm0EJN5boost3_bi5valueIPFPNS0_9unit_test10test_suiteEiPPcEEEEERNSt13tuple_elementIXT_ESt5tupleIJDpT0_EEE4typeERSF_
FNA:14,3,_ZSt3getILm0EJN5boost3_bi5valueIPNS0_9unit_test13test_observerEEENS2_INS3_17test_case_counter19readonly_property43EEENS2_ImEEEERNSt13tuple_elementIXT_ESt5tupleIJDpT0_EEE4typeERSF_
FNA:14,0,_ZSt3getILm0EJN5boost3_bi5valueIPNS0_9unit_test15unit_test_log_tEEENS0_17reference_wrapperISoEEEERNSt13tuple_elementIXT_ESt5tupleIJDpT0_EEE4typeERSD_
FNA:14,0,_ZSt3getILm0EJN5boost3_bi5valueIPNS0_9unit_test15unit_test_log_tEEENS2_INS3_13output_formatEEENS0_17reference_wrapperISoEEEERNSt13tuple_elementIXT_ESt5tupleIJDpT0_EEE4typeERSF_
FNA:14,0,_ZSt3getILm0EJN5boost3argILi1EEENS0_17reference_wrapperIKNS0_9unit_test9test_unitEEEEERNSt13tuple_elementIXT_ESt5tupleIJDpT0_EEE4typeERSC_
FNA:14,3,_ZSt3getILm0EJON5boost9unit_test13basic_cstringIKcEEEERNSt13tuple_elementIXT_ESt5tupleIJDpT0_EEE4typeERSA_
FNA:14,9,_ZSt3getILm0EJONSt7__cxx1112basic_stringIcSt11char_traitsIcESaIcEEEEERNSt13tuple_elementIXT_ESt5tupleIJDpT0_EEE4typeERSB_
FNA:14,0,_ZSt3getILm0EJOmEERNSt13tuple_elementIXT_ESt5tupleIJDpT0_EEE4typeERS5_
FNA:14,0,_ZSt3getILm0EJRKN5boost16exception_detail10type_info_EEERNSt13tuple_elementIXT_ESt5tupleIJDpT0_EEE4typeERS9_
FNA:14,23,_ZSt3getILm0EJRKN5boost9unit_test13basic_cstringIKcEEEERNSt13tuple_elementIXT_ESt5tupleIJDpT0_EEE4typeERSB_
FNA:14,1,_ZSt3getILm0EJRKN5boost9unit_test13output_formatEEERNSt13tuple_elementIXT_ESt5tupleIJDpT0_EEE4typeERS9_
FNA:14,0,_ZSt3getILm0EJRKNSt7__cxx1112basic_stringIcSt11char_traitsIcESaIcEEEEERNSt13tuple_elementIXT_ESt5tupleIJDpT0_EEE4typeERSC_
FNA:14,105,_ZSt3getILm0EJRKmEERNSt13tuple_elementIXT_ESt5tupleIJDpT0_EEE4typeERS6_
FNA:14,3,_ZSt3getILm1EJN5boost3_bi5valueIPNS0_9unit_test13test_observerEEENS2_INS3_17test_case_counter19readonly_property43EEENS2_ImEEEERNSt13tuple_elementIXT_ESt5tupleIJDpT0_EEE4typeERSF_
FNA:14,0,_ZSt3getILm1EJN5boost3_bi5valueIPNS0_9unit_test15unit_test_log_tEEENS0_17reference_wrapperISoEEEERNSt13tuple_elementIXT_ESt5tupleIJDpT0_EEE4typeERSD_
FNA:14,0,_ZSt3getILm1EJN5boost3_bi5valueIPNS0_9unit_test15unit_test_log_tEEENS2_INS3_13output_formatEEENS0_17reference_wrapperISoEEEERNSt13tuple_elementIXT_ESt5tupleIJDpT0_EEE4typeERSF_
FNA:14,0,_ZSt3getILm1EJN5boost3argILi1EEENS0_17reference_wrapperIKNS0_9unit_test9test_unitEEEEERNSt13tuple_elementIXT_ESt5tupleIJDpT0_EEE4typeERSC_
FNA:14,3,_ZSt3getILm2EJN5boost3_bi5valueIPNS0_9unit_test13test_observerEEENS2_INS3_17test_case_counter19readonly_property43EEENS2_ImEEEERNSt13tuple_elementIXT_ESt5tupleIJDpT0_EEE4typeERSF_
FNA:14,0,_ZSt3getILm2EJN5boost3_bi5valueIPNS0_9unit_test15unit_test_log_tEEENS2_INS3_13output_formatEEENS0_17reference_wrapperISoEEEERNSt13tuple_elementIXT_ESt5tupleIJDpT0_EEE4typeERSF_
FNL:15,2450,2451
FNA:15,0,_ZSt3getILm0EJRKN5boost9unit_test9framework4impl11name_filter9componentEEERKNSt13tuple_elementIXT_ESt5tupleIJDpT0_EEE4typeERKSC_
FNL:16,246,246
FNA:16,0,_ZNSt10_Head_baseILm0EN5boost17reference_wrapperISoEELb0EE7_M_headERS3_
FNA:16,0,_ZNSt10_Head_baseILm0EN5boost3_bi5valueINS0_10shared_ptrINS0_9unit_test17test_unit_fixtureEEEEELb0EE7_M_headERS8_
FNA:16,1,_ZNSt10_Head_baseILm0EN5boost3_bi5valueIPFPNS0_9unit_test10test_suiteEiPPcEEELb0EE7_M_headERSB_
FNA:16,3,_ZNSt10_Head_baseILm0EN5boost3_bi5valueIPNS0_9unit_test13test_observerEEELb0EE7_M_headERS7_
FNA:16,0,_ZNSt10_Head_baseILm0EN5boost3_bi5valueIPNS0_9unit_test15unit_test_log_tEEELb0EE7_M_headERS7_
FNA:16,3,_ZNSt10_Head_baseILm0EON5boost9unit_test13basic_cstringIKcEELb0EE7_M_headERS6_
FNA:16,9,_ZNSt10_Head_baseILm0EONSt7__cxx1112basic_stringIcSt11char_traitsIcESaIcEEELb0EE7_M_headERS7_
FNA:16,0,_ZNSt10_Head_baseILm0EOmLb0EE7_M_headERS1_
FNA:16,0,_ZNSt10_Head_baseILm0ERKN5boost16exception_detail10type_info_ELb0EE7_M_headERS5_
FNA:16,23,_ZNSt10_Head_baseILm0ERKN5boost9unit_test13basic_cstringIKcEELb0EE7_M_headERS7_
FNA:16,1,_ZNSt10_Head_baseILm0ERKN5boost9unit_test13output_formatELb0EE7_M_headERS5_
FNA:16,0,_ZNSt10_Head_baseILm0ERKNSt7__cxx1112basic_stringIcSt11char_traitsIcESaIcEEELb0EE7_M_headERS8_
FNA:16,105,_ZNSt10_Head_baseILm0ERKmLb0EE7_M_headERS2_
FNA:16,0,_ZNSt10_Head_baseILm1EN5boost17reference_wrapperIKNS0_9unit_test9test_unitEEELb0EE7_M_headERS6_
FNA:16,0,_ZNSt10_Head_baseILm1EN5boost17reference_wrapperISoEELb0EE7_M_headERS3_
FNA:16,0,_ZNSt10_Head_baseILm1EN5boost3_bi5valueINS0_9unit_test13output_formatEEELb0EE7_M_headERS6_
FNA:16,3,_ZNSt10_Head_baseILm1EN5boost3_bi5valueINS0_9unit_test17test_case_counter19readonly_property43EEELb0EE7_M_headERS7_
FNA:16,0,_ZNSt10_Head_baseILm2EN5boost17reference_wrapperISoEELb0EE7_M_headERS3_
FNA:16,3,_ZNSt10_Head_baseILm2EN5boost3_bi5valueImEELb0EE7_M_headERS4_
FNL:17,249,249
FNA:17,0,_ZNSt10_Head_baseILm0ERKN5boost9unit_test9framework4impl11name_filter9componentELb0EE7_M_headERKS8_
FNL:18,2680,2681
FNA:18,3,_ZSt16forward_as_tupleIJN5boost9unit_test13basic_cstringIKcEEEESt5tupleIJDpOT_EES8_
FNA:18,9,_ZSt16forward_as_tupleIJNSt7__cxx1112basic_stringIcSt11char_traitsIcESaIcEEEEESt5tupleIJDpOT_EES9_
FNA:18,0,_ZSt16forward_as_tupleIJmEESt5tupleIJDpOT_EES3_
FNL:19,2871,2877
FNA:19,0,_ZNSt4pairIKN5boost16exception_detail10type_info_ENS0_10shared_ptrINS1_15error_info_baseEEEEC2IJRS3_EJEEESt21piecewise_construct_tSt5tupleIJDpT_EESB_IJDpT0_EE
FNA:19,3,_ZNSt4pairIKN5boost9unit_test13basic_cstringIKcEENS0_10shared_ptrINS0_7runtime3cla13rt_cla_detail14parameter_trieEEEEC2IJOS4_EJEEESt21piecewise_construct_tSt5tupleIJDpT_EESG_IJDpT0_EE
FNA:19,0,_ZNSt4pairIKN5boost9unit_test13basic_cstringIKcEENS0_10shared_ptrINS0_7runtime3cla13rt_cla_detail14parameter_trieEEEEC2IJRS5_EJEEESt21piecewise_construct_tSt5tupleIJDpT_EESG_IJDpT0_EE
FNA:19,23,_ZNSt4pairIKN5boost9unit_test13basic_cstringIKcEENS0_10shared_ptrINS0_7runtime8argumentEEEEC2IJRS5_EJEEESt21piecewise_construct_tSt5tupleIJDpT_EESE_IJDpT0_EE
FNA:19,1,_ZNSt4pairIKN5boost9unit_test13output_formatENS1_14runtime_config13stream_holderEEC2IJRS3_EJEEESt21piecewise_construct_tSt5tupleIJDpT_EESA_IJDpT0_EE
FNA:19,9,_ZNSt4pairIKNSt7__cxx1112basic_stringIcSt11char_traitsIcESaIcEEEN5boost8functionIFvRKNS7_5debug16dbg_startup_infoEEEEEC2IJOS5_EJEEESt21piecewise_construct_tSt5tupleIJDpT_EESJ_IJDpT0_EE
FNA:19,0,_ZNSt4pairIKNSt7__cxx1112basic_stringIcSt11char_traitsIcESaIcEEEN5boost8functionIFvRKNS7_5debug16dbg_startup_infoEEEEEC2IJRS6_EJEEESt21piecewise_construct_tSt5tupleIJDpT_EESJ_IJDpT0_EE
FNA:19,0,_ZNSt4pairIKmN5boost9unit_test12test_resultsEEC2IJOmEJEEESt21piecewise_construct_tSt5tupleIJDpT_EES8_IJDpT0_EE
FNA:19,53,_ZNSt4pairIKmN5boost9unit_test12test_resultsEEC2IJRS0_EJEEESt21piecewise_construct_tSt5tupleIJDpT_EES8_IJDpT0_EE
FNA:19,0,_ZNSt4pairIKmN5boost9unit_test6output10junit_impl16junit_log_helperEEC2IJRS0_EJEEESt21piecewise_construct_tSt5tupleIJDpT_EESA_IJDpT0_EE
FNA:19,52,_ZNSt4pairIKmN5boost9unit_test9framework4impl10order_infoEEC2IJRS0_EJEEESt21piecewise_construct_tSt5tupleIJDpT_EESA_IJDpT0_EE
FNA:19,0,_ZNSt4pairIKmPN5boost9unit_test9test_unitEEC2IJRS0_EJEEESt21piecewise_construct_tSt5tupleIJDpT_EES9_IJDpT0_EE
FNL:20,2883,2888
FNA:20,0,_ZNSt4pairIKN5boost16exception_detail10type_info_ENS0_10shared_ptrINS1_15error_info_baseEEEEC2IJRS3_EJLm0EEJEJEEERSt5tupleIJDpT_EERSA_IJDpT1_EESt12_Index_tupleIJXspT0_EEESJ_IJXspT2_EEE
FNA:20,3,_ZNSt4pairIKN5boost9unit_test13basic_cstringIKcEENS0_10shared_ptrINS0_7runtime3cla13rt_cla_detail14parameter_trieEEEEC2IJOS4_EJLm0EEJEJEEERSt5tupleIJDpT_EERSF_IJDpT1_EESt12_Index_tupleIJXspT0_EEESO_IJXspT2_EEE
FNA:20,0,_ZNSt4pairIKN5boost9unit_test13basic_cstringIKcEENS0_10shared_ptrINS0_7runtime3cla13rt_cla_detail14parameter_trieEEEEC2IJRS5_EJLm0EEJEJEEERSt5tupleIJDpT_EERSF_IJDpT1_EESt12_Index_tupleIJXspT0_EEESO_IJXspT2_EEE
FNA:20,23,_ZNSt4pairIKN5boost9unit_test13basic_cstringIKcEENS0_10shared_ptrINS0_7runtime8argumentEEEEC2IJRS5_EJLm0EEJEJEEERSt5tupleIJDpT_EERSD_IJDpT1_EESt12_Index_tupleIJXspT0_EEESM_IJXspT2_EEE
FNA:20,1,_ZNSt4pairIKN5boost9unit_test13output_formatENS1_14runtime_config13stream_holderEEC2IJRS3_EJLm0EEJEJEEERSt5tupleIJDpT_EERS9_IJDpT1_EESt12_Index_tupleIJXspT0_EEESI_IJXspT2_EEE
FNA:20,9,_ZNSt4pairIKNSt7__cxx1112basic_stringIcSt11char_traitsIcESaIcEEEN5boost8functionIFvRKNS7_5debug16dbg_startup_infoEEEEEC2IJOS5_EJLm0EEJEJEEERSt5tupleIJDpT_EERSI_IJDpT1_EESt12_Index_tupleIJXspT0_EEESR_IJXspT2_EEE
FNA:20,0,_ZNSt4pairIKNSt7__cxx1112basic_stringIcSt11char_traitsIcESaIcEEEN5boost8functionIFvRKNS7_5debug16dbg_startup_infoEEEEEC2IJRS6_EJLm0EEJEJEEERSt5tupleIJDpT_EERSI_IJDpT1_EESt12_Index_tupleIJXspT0_EEESR_IJXspT2_EEE
FNA:20,0,_ZNSt4pairIKmN5boost9unit_test12test_resultsEEC2IJOmEJLm0EEJEJEEERSt5tupleIJDpT_EERS7_IJDpT1_EESt12_Index_tupleIJXspT0_EEESG_IJXspT2_EEE
FNA:20,53,_ZNSt4pairIKmN5boost9unit_test12test_resultsEEC2IJRS0_EJLm0EEJEJEEERSt5tupleIJDpT_EERS7_IJDpT1_EESt12_Index_tupleIJXspT0_EEESG_IJXspT2_EEE
FNA:20,0,_ZNSt4pairIKmN5boost9unit_test6output10junit_impl16junit_log_helperEEC2IJRS0_EJLm0EEJEJEEERSt5tupleIJDpT_EERS9_IJDpT1_EESt12_Index_tupleIJXspT0_EEESI_IJXspT2_EEE
FNA:20,52,_ZNSt4pairIKmN5boost9unit_test9framework4impl10order_infoEEC2IJRS0_EJLm0EEJEJEEERSt5tupleIJDpT_EERS9_IJDpT1_EESt12_Index_tupleIJXspT0_EEESI_IJXspT2_EEE
FNA:20,0,_ZNSt4pairIKmPN5boost9unit_test9test_unitEEC2IJRS0_EJLm0EEJEJEEERSt5tupleIJDpT_EERS8_IJDpT1_EESt12_Index_tupleIJXspT0_EEESH_IJXspT2_EEE
FNL:21,291,291
FNA:21,3,_ZNSt11_Tuple_implILm0EJN5boost3_bi5valueIPNS0_9unit_test13test_observerEEENS2_INS3_17test_case_counter19readonly_property43EEENS2_ImEEEE7_M_headERSB_
FNA:21,0,_ZNSt11_Tuple_implILm0EJN5boost3_bi5valueIPNS0_9unit_test15unit_test_log_tEEENS0_17reference_wrapperISoEEEE7_M_headERS9_
FNA:21,0,_ZNSt11_Tuple_implILm0EJN5boost3_bi5valueIPNS0_9unit_test15unit_test_log_tEEENS2_INS3_13output_formatEEENS0_17reference_wrapperISoEEEE7_M_headERSB_
FNA:21,0,_ZNSt11_Tuple_implILm0EJN5boost3argILi1EEENS0_17reference_wrapperIKNS0_9unit_test9test_unitEEEEE7_M_headERS8_
FNA:21,0,_ZNSt11_Tuple_implILm1EJN5boost3_bi5valueINS0_9unit_test13output_formatEEENS0_17reference_wrapperISoEEEE7_M_headERS8_
FNA:21,3,_ZNSt11_Tuple_implILm1EJN5boost3_bi5valueINS0_9unit_test17test_case_counter19readonly_property43EEENS2_ImEEEE7_M_headERS8_
FNL:22,313,316
FNA:22,3,_ZNSt11_Tuple_implILm0EJN5boost3_bi5valueIPNS0_9unit_test13test_observerEEENS2_INS3_17test_case_counter19readonly_property43EEENS2_ImEEEEC2IRS6_JRS9_RSA_EvEEOT_DpOT0_
FNA:22,0,_ZNSt11_Tuple_implILm0EJN5boost3_bi5valueIPNS0_9unit_test15unit_test_log_tEEENS0_17reference_wrapperISoEEEEC2IRS6_JRS8_EvEEOT_DpOT0_
FNA:22,0,_ZNSt11_Tuple_implILm0EJN5boost3_bi5valueIPNS0_9unit_test15unit_test_log_tEEENS2_INS3_13output_formatEEENS0_17reference_wrapperISoEEEEC2IRS6_JRS8_RSA_EvEEOT_DpOT0_
FNA:22,0,_ZNSt11_Tuple_implILm0EJN5boost3argILi1EEENS0_17reference_wrapperIKNS0_9unit_test9test_unitEEEEEC2IRS2_JRS7_EvEEOT_DpOT0_
FNA:22,0,_ZNSt11_Tuple_implILm1EJN5boost3_bi5valueINS0_9unit_test13output_formatEEENS0_17reference_wrapperISoEEEEC2IRS5_JRS7_EvEEOT_DpOT0_
FNA:22,3,_ZNSt11_Tuple_implILm1EJN5boost3_bi5valueINS0_9unit_test17test_case_counter19readonly_property43EEENS2_ImEEEEC2IRS6_JRS7_EvEEOT_DpOT0_
FNL:23,324,324
FNA:23,18,_ZNSt11_Tuple_implILm0EJN5boost3_bi5valueIPNS0_9unit_test13test_observerEEENS2_INS3_17test_case_counter19readonly_property43EEENS2_ImEEEEC2EOSB_
FNA:23,0,_ZNSt11_Tuple_implILm0EJN5boost3_bi5valueIPNS0_9unit_test15unit_test_log_tEEENS0_17reference_wrapperISoEEEEC2EOS9_
FNA:23,0,_ZNSt11_Tuple_implILm0EJN5boost3_bi5valueIPNS0_9unit_test15unit_test_log_tEEENS2_INS3_13output_formatEEENS0_17reference_wrapperISoEEEEC2EOSB_
FNA:23,0,_ZNSt11_Tuple_implILm0EJN5boost3argILi1EEENS0_17reference_wrapperIKNS0_9unit_test9test_unitEEEEEC2EOS8_
FNA:23,0,_ZNSt11_Tuple_implILm1EJN5boost3_bi5valueINS0_9unit_test13output_formatEEENS0_17reference_wrapperISoEEEEC2EOS8_
FNA:23,18,_ZNSt11_Tuple_implILm1EJN5boost3_bi5valueINS0_9unit_test17test_case_counter19readonly_property43EEENS2_ImEEEEC2EOS8_
FNL:24,554,554
FNA:24,0,_ZNSt11_Tuple_implILm0EJN5boost17reference_wrapperISoEEEE7_M_headERS3_
FNA:24,0,_ZNSt11_Tuple_implILm0EJN5boost3_bi5valueINS0_10shared_ptrINS0_9unit_test17test_unit_fixtureEEEEEEE7_M_headERS8_
FNA:24,1,_ZNSt11_Tuple_implILm0EJN5boost3_bi5valueIPFPNS0_9unit_test10test_suiteEiPPcEEEEE7_M_headERSB_
FNA:24,3,_ZNSt11_Tuple_implILm0EJON5boost9unit_test13basic_cstringIKcEEEE7_M_headERS6_
FNA:24,9,_ZNSt11_Tuple_implILm0EJONSt7__cxx1112basic_stringIcSt11char_traitsIcESaIcEEEEE7_M_headERS7_
FNA:24,0,_ZNSt11_Tuple_implILm0EJOmEE7_M_headERS1_
FNA:24,0,_ZNSt11_Tuple_implILm0EJRKN5boost16exception_detail10type_info_EEE7_M_headERS5_
FNA:24,23,_ZNSt11_Tuple_implILm0EJRKN5boost9unit_test13basic_cstringIKcEEEE7_M_headERS7_
FNA:24,1,_ZNSt11_Tuple_implILm0EJRKN5boost9unit_test13output_formatEEE7_M_headERS5_
FNA:24,0,_ZNSt11_Tuple_implILm0EJRKNSt7__cxx1112basic_stringIcSt11char_traitsIcESaIcEEEEE7_M_headERS8_
FNA:24,105,_ZNSt11_Tuple_implILm0EJRKmEE7_M_headERS2_
FNA:24,0,_ZNSt11_Tuple_implILm1EJN5boost17reference_wrapperIKNS0_9unit_test9test_unitEEEEE7_M_headERS6_
FNA:24,0,_ZNSt11_Tuple_implILm1EJN5boost17reference_wrapperISoEEEE7_M_headERS3_
FNA:24,0,_ZNSt11_Tuple_implILm2EJN5boost17reference_wrapperISoEEEE7_M_headERS3_
FNA:24,3,_ZNSt11_Tuple_implILm2EJN5boost3_bi5valueImEEEE7_M_headERS4_
FNL:25,557,557
FNA:25,0,_ZNSt11_Tuple_implILm0EJRKN5boost9unit_test9framework4impl11name_filter9componentEEE7_M_headERKS8_
FNL:26,564,566
FNA:26,0,_ZNSt11_Tuple_implILm0EJRKN5boost16exception_detail10type_info_EEEC2ES4_
FNA:26,23,_ZNSt11_Tuple_implILm0EJRKN5boost9unit_test13basic_cstringIKcEEEEC2ES6_
FNA:26,1,_ZNSt11_Tuple_implILm0EJRKN5boost9unit_test13output_formatEEEC2ES4_
FNA:26,0,_ZNSt11_Tuple_implILm0EJRKN5boost9unit_test9framework4impl11name_filter9componentEEEC2ES7_
FNA:26,0,_ZNSt11_Tuple_implILm0EJRKNSt7__cxx1112basic_stringIcSt11char_traitsIcESaIcEEEEEC2ES7_
FNA:26,105,_ZNSt11_Tuple_implILm0EJRKmEEC2ES1_
FNL:27,570,572
FNA:27,0,_ZNSt11_Tuple_implILm0EJN5boost17reference_wrapperISoEEEEC2IRS2_EEOT_
FNA:27,0,_ZNSt11_Tuple_implILm0EJN5boost3_bi5valueINS0_10shared_ptrINS0_9unit_test17test_unit_fixtureEEEEEEEC2IRS7_EEOT_
FNA:27,1,_ZNSt11_Tuple_implILm0EJN5boost3_bi5valueIPFPNS0_9unit_test10test_suiteEiPPcEEEEEC2IRSA_EEOT_
FNA:27,3,_ZNSt11_Tuple_implILm0EJON5boost9unit_test13basic_cstringIKcEEEEC2IS4_EEOT_
FNA:27,9,_ZNSt11_Tuple_implILm0EJONSt7__cxx1112basic_stringIcSt11char_traitsIcESaIcEEEEEC2IS5_EEOT_
FNA:27,0,_ZNSt11_Tuple_implILm0EJOmEEC2ImEEOT_
FNA:27,0,_ZNSt11_Tuple_implILm1EJN5boost17reference_wrapperIKNS0_9unit_test9test_unitEEEEEC2IRS5_EEOT_
FNA:27,0,_ZNSt11_Tuple_implILm1EJN5boost17reference_wrapperISoEEEEC2IRS2_EEOT_
FNA:27,0,_ZNSt11_Tuple_implILm2EJN5boost17reference_wrapperISoEEEEC2IRS2_EEOT_
FNA:27,3,_ZNSt11_Tuple_implILm2EJN5boost3_bi5valueImEEEEC2IRS3_EEOT_
FNL:28,574,574
FNA:28,0,_ZNSt11_Tuple_implILm0EJN5boost3_bi5valueINS0_10shared_ptrINS0_9unit_test17test_unit_fixtureEEEEEEEC2ERKS8_
FNL:29,584,587
FNA:29,0,_ZNSt11_Tuple_implILm0EJN5boost17reference_wrapperISoEEEEC2EOS3_
FNA:29,0,_ZNSt11_Tuple_implILm0EJN5boost3_bi5valueINS0_10shared_ptrINS0_9unit_test17test_unit_fixtureEEEEEEEC2EOS8_
FNA:29,6,_ZNSt11_Tuple_implILm0EJN5boost3_bi5valueIPFPNS0_9unit_test10test_suiteEiPPcEEEEEC2EOSB_
FNA:29,3,_ZNSt11_Tuple_implILm0EJON5boost9unit_test13basic_cstringIKcEEEEC2EOS6_
FNA:29,9,_ZNSt11_Tuple_implILm0EJONSt7__cxx1112basic_stringIcSt11char_traitsIcESaIcEEEEEC2EOS7_
FNA:29,0,_ZNSt11_Tuple_implILm0EJOmEEC2EOS1_
FNA:29,0,_ZNSt11_Tuple_implILm0EJRKN5boost16exception_detail10type_info_EEEC2EOS5_
FNA:29,23,_ZNSt11_Tuple_implILm0EJRKN5boost9unit_test13basic_cstringIKcEEEEC2EOS7_
FNA:29,1,_ZNSt11_Tuple_implILm0EJRKN5boost9unit_test13output_formatEEEC2EOS5_
FNA:29,0,_ZNSt11_Tuple_implILm0EJRKNSt7__cxx1112basic_stringIcSt11char_traitsIcESaIcEEEEEC2EOS8_
FNA:29,105,_ZNSt11_Tuple_implILm0EJRKmEEC2EOS2_
FNA:29,0,_ZNSt11_Tuple_implILm1EJN5boost17reference_wrapperIKNS0_9unit_test9test_unitEEEEEC2EOS6_
FNA:29,0,_ZNSt11_Tuple_implILm1EJN5boost17reference_wrapperISoEEEEC2EOS3_
FNA:29,0,_ZNSt11_Tuple_implILm2EJN5boost17reference_wrapperISoEEEEC2EOS3_
FNA:29,18,_ZNSt11_Tuple_implILm2EJN5boost3_bi5valueImEEEEC2EOS4_
FNF:30
FNH:18
DA:103,0
DA:104,0
DA:137,0
DA:205,129
DA:206,129
DA:208,0
DA:209,0
DA:212,22
DA:213,22
DA:246,151
DA:249,0
DA:291,6
DA:313,6
DA:315,21
DA:316,6
DA:324,36
DA:554,145
DA:557,0
DA:564,129
DA:565,129
DA:566,129
DA:570,16
DA:571,32
DA:572,16
DA:574,0
DA:584,165
DA:586,165
DA:587,165
DA:1473,129
DA:1475,129
DA:1488,16
DA:1490,38
DA:1491,16
DA:1502,0
DA:1504,165
DA:2118,0
DA:2120,0
DA:2121,0
DA:2133,0
DA:2428,151
DA:2429,151
DA:2433,0
DA:2434,0
DA:2444,151
DA:2445,151
DA:2450,0
DA:2451,0
DA:2680,12
DA:2681,12
DA:2871,141
DA:2876,141
DA:2877,141
DA:2883,141
DA:2886,176
DA:2887,141
DA:2888,141
LF:56
LH:39
end_of_record
TN:
SF:/usr/include/c++/15/typeinfo
FNL:0,104,105
FNA:0,0,_ZNKSt9type_info4nameEv
FNL:1,197,214
FNA:1,0,_ZNKSt9type_infoeqERKS_
FNF:2
FNH:0
DA:104,0
DA:105,0
DA:197,0
DA:199,0
DA:200,0
DA:202,0
DA:203,0
DA:210,0
LF:8
LH:0
end_of_record
TN:
SF:/usr/include/x86_64-linux-gnu/c++/15/bits/c++config.h
FNF:0
FNH:0
DA:589,3515
LF:1
LH:1
end_of_record
