mode: set
Go/hashmap/hashmap.go:20.52,26.2 1 1
Go/hashmap/hashmap.go:32.26,34.2 1 1
Go/hashmap/hashmap.go:42.49,44.23 2 1
Go/hashmap/hashmap.go:44.23,46.3 1 1
Go/hashmap/hashmap.go:47.2,51.3 1 1
Go/hashmap/hashmap.go:54.50,58.2 3 1
Go/hashmap/hashmap.go:60.30,63.26 3 1
Go/hashmap/hashmap.go:63.26,65.3 1 1
Go/hashmap/hashmap.go:67.2,67.35 1 1
Go/hashmap/hashmap.go:67.35,69.26 2 1
Go/hashmap/hashmap.go:69.26,80.4 7 1
Go/hashmap/hashmap.go:83.2,84.27 2 1
Go/hashmap/hashmap.go:87.47,88.51 1 1
Go/hashmap/hashmap.go:88.51,90.3 1 1
Go/hashmap/hashmap.go:92.2,95.25 3 1
Go/hashmap/hashmap.go:95.25,96.29 1 1
Go/hashmap/hashmap.go:96.29,99.4 2 1
Go/hashmap/hashmap.go:100.3,100.33 1 1
Go/hashmap/hashmap.go:103.2,106.11 4 1
Go/hashmap/hashmap.go:109.37,114.25 4 1
Go/hashmap/hashmap.go:114.25,115.29 1 1
Go/hashmap/hashmap.go:115.29,116.23 1 1
Go/hashmap/hashmap.go:116.23,118.5 1 1
Go/hashmap/hashmap.go:118.10,120.5 1 1
Go/hashmap/hashmap.go:121.4,122.10 2 1
Go/hashmap/hashmap.go:124.3,125.33 2 1
Go/hashmap/hashmap.go:129.48,133.21 3 1
Go/hashmap/hashmap.go:133.21,134.25 1 1
Go/hashmap/hashmap.go:134.25,136.4 1 1
Go/hashmap/hashmap.go:137.3,137.25 1 1
Go/hashmap/hashmap.go:140.2,140.14 1 1
Go/hashmap/hashmap.go:143.51,147.21 3 1
Go/hashmap/hashmap.go:147.21,148.25 1 1
Go/hashmap/hashmap.go:148.25,150.4 1 1
Go/hashmap/hashmap.go:151.3,151.25 1 1
Go/hashmap/hashmap.go:154.2,154.74 1 1
Go/hashmap/hashmap.go:157.50,158.35 1 1
Go/hashmap/hashmap.go:158.35,160.26 2 1
Go/hashmap/hashmap.go:160.26,163.4 2 1
Go/hashmap/hashmap.go:167.49,172.41 4 1
Go/hashmap/hashmap.go:172.41,174.26 2 1
Go/hashmap/hashmap.go:174.26,177.4 2 1
Go/hashmap/hashmap.go:180.2,180.24 1 1
Go/hashmap/hashmap.go:183.37,185.35 2 1
Go/hashmap/hashmap.go:185.35,188.25 3 1
Go/hashmap/hashmap.go:188.25,189.32 1 1
Go/hashmap/hashmap.go:189.32,192.5 2 0
Go/hashmap/hashmap.go:193.4,193.61 1 1
Go/hashmap/hashmap.go:195.3,195.16 1 1
Go/hashmap/hashmap.go:197.2,197.15 1 1
Go/hashmap/hashmap.go:200.60,202.27 2 1
Go/hashmap/hashmap.go:202.27,205.6 2 1
Go/hashmap/hashmap.go:206.5,207.25 2 1
Go/hashmap/hashmap.go:207.25,209.6 1 0
Go/hashmap/hashmap.go:210.5,210.20 1 1
Go/hashmap/hashmap.go:213.56,215.16 2 1
Go/hashmap/hashmap.go:215.16,217.3 1 0
Go/hashmap/hashmap.go:218.2,220.84 2 1
Go/hashmap/hashmap.go:220.84,222.3 1 0
Go/hashmap/hashmap.go:223.2,223.80 1 1
Go/hashmap/hashmap.go:223.80,225.3 1 0
Go/hashmap/hashmap.go:227.2,227.35 1 1
Go/hashmap/hashmap.go:227.35,229.26 2 1
Go/hashmap/hashmap.go:229.26,231.77 2 1
Go/hashmap/hashmap.go:231.77,233.5 1 0
Go/hashmap/hashmap.go:234.4,234.65 1 1
Go/hashmap/hashmap.go:234.65,236.5 1 0
Go/hashmap/hashmap.go:238.4,238.91 1 1
Go/hashmap/hashmap.go:238.91,240.5 1 0
Go/hashmap/hashmap.go:242.4,242.34 1 1
Go/hashmap/hashmap.go:246.2,246.12 1 1
Go/hashmap/hashmap.go:249.55,251.16 2 1
Go/hashmap/hashmap.go:251.16,253.3 1 0
Go/hashmap/hashmap.go:254.2,259.74 4 1
Go/hashmap/hashmap.go:259.74,261.3 1 0
Go/hashmap/hashmap.go:262.2,262.70 1 1
Go/hashmap/hashmap.go:262.70,264.3 1 0
Go/hashmap/hashmap.go:266.2,270.26 4 1
Go/hashmap/hashmap.go:270.26,272.3 1 1
Go/hashmap/hashmap.go:274.2,274.33 1 1
Go/hashmap/hashmap.go:274.33,276.76 2 1
Go/hashmap/hashmap.go:276.76,278.4 1 0
Go/hashmap/hashmap.go:280.3,281.56 2 1
Go/hashmap/hashmap.go:281.56,283.4 1 0
Go/hashmap/hashmap.go:284.3,287.71 3 1
Go/hashmap/hashmap.go:287.71,289.4 1 0
Go/hashmap/hashmap.go:291.3,293.32 3 1
Go/hashmap/hashmap.go:296.2,296.12 1 1
Go/hashmap/hashmap.go:299.54,301.16 2 1
Go/hashmap/hashmap.go:301.16,303.3 1 0
Go/hashmap/hashmap.go:304.2,308.35 3 1
Go/hashmap/hashmap.go:308.35,310.26 2 1
Go/hashmap/hashmap.go:310.26,313.4 2 1
Go/hashmap/hashmap.go:316.2,316.12 1 1
Go/hashmap/hashmap.go:319.53,321.16 2 1
Go/hashmap/hashmap.go:321.16,323.3 1 0
Go/hashmap/hashmap.go:324.2,330.21 4 1
Go/hashmap/hashmap.go:330.21,332.3 1 0
Go/hashmap/hashmap.go:333.2,334.22 2 1
Go/hashmap/hashmap.go:334.22,336.3 1 0
Go/hashmap/hashmap.go:338.2,342.26 4 1
Go/hashmap/hashmap.go:342.26,344.3 1 1
Go/hashmap/hashmap.go:346.2,346.21 1 1
Go/hashmap/hashmap.go:346.21,348.17 2 1
Go/hashmap/hashmap.go:348.17,349.12 1 0
Go/hashmap/hashmap.go:352.3,353.21 2 1
Go/hashmap/hashmap.go:353.21,355.4 1 0
Go/hashmap/hashmap.go:357.3,359.17 3 1
Go/hashmap/hashmap.go:359.17,361.4 1 0
Go/hashmap/hashmap.go:363.3,365.32 3 1
Go/hashmap/hashmap.go:368.2,368.22 1 1
Go/forwardlist/forwardlist.go:23.51,25.29 2 1
Go/forwardlist/forwardlist.go:25.29,27.3 1 1
Go/forwardlist/forwardlist.go:28.2,28.11 1 1
Go/forwardlist/forwardlist.go:31.76,33.15 2 1
Go/forwardlist/forwardlist.go:33.15,35.3 1 1
Go/forwardlist/forwardlist.go:36.2,36.39 1 1
Go/forwardlist/forwardlist.go:36.39,38.3 1 1
Go/forwardlist/forwardlist.go:39.2,39.12 1 1
Go/forwardlist/forwardlist.go:42.63,43.61 1 1
Go/forwardlist/forwardlist.go:43.61,45.3 1 1
Go/forwardlist/forwardlist.go:46.2,47.32 2 1
Go/forwardlist/forwardlist.go:47.32,49.3 1 1
Go/forwardlist/forwardlist.go:50.2,50.21 1 1
Go/forwardlist/forwardlist.go:53.45,55.20 2 1
Go/forwardlist/forwardlist.go:55.20,58.3 2 1
Go/forwardlist/forwardlist.go:58.8,61.3 2 1
Go/forwardlist/forwardlist.go:62.2,62.11 1 1
Go/forwardlist/forwardlist.go:65.46,67.20 2 1
Go/forwardlist/forwardlist.go:67.20,69.3 1 0
Go/forwardlist/forwardlist.go:70.2,71.11 2 1
Go/forwardlist/forwardlist.go:74.69,75.19 1 1
Go/forwardlist/forwardlist.go:75.19,78.3 2 1
Go/forwardlist/forwardlist.go:79.2,79.61 1 1
Go/forwardlist/forwardlist.go:79.61,81.3 1 1
Go/forwardlist/forwardlist.go:82.2,83.16 2 1
Go/forwardlist/forwardlist.go:83.16,85.3 1 0
Go/forwardlist/forwardlist.go:86.2,88.21 3 1
Go/forwardlist/forwardlist.go:88.21,90.3 1 0
Go/forwardlist/forwardlist.go:91.2,92.12 2 1
Go/forwardlist/forwardlist.go:95.68,96.61 1 1
Go/forwardlist/forwardlist.go:96.61,98.3 1 1
Go/forwardlist/forwardlist.go:99.2,99.27 1 1
Go/forwardlist/forwardlist.go:99.27,102.3 2 1
Go/forwardlist/forwardlist.go:103.2,104.16 2 1
Go/forwardlist/forwardlist.go:104.16,106.3 1 0
Go/forwardlist/forwardlist.go:107.2,110.12 4 1
Go/forwardlist/forwardlist.go:113.41,114.18 1 1
Go/forwardlist/forwardlist.go:114.18,116.3 1 1
Go/forwardlist/forwardlist.go:117.2,118.20 2 1
Go/forwardlist/forwardlist.go:118.20,120.3 1 1
Go/forwardlist/forwardlist.go:121.2,122.12 2 1
Go/forwardlist/forwardlist.go:125.40,126.18 1 1
Go/forwardlist/forwardlist.go:126.18,128.3 1 1
Go/forwardlist/forwardlist.go:129.2,129.24 1 1
Go/forwardlist/forwardlist.go:129.24,134.3 4 1
Go/forwardlist/forwardlist.go:135.2,136.30 2 1
Go/forwardlist/forwardlist.go:136.30,138.3 1 1
Go/forwardlist/forwardlist.go:139.2,142.12 4 1
Go/forwardlist/forwardlist.go:145.57,146.18 1 1
Go/forwardlist/forwardlist.go:146.18,148.3 1 1
Go/forwardlist/forwardlist.go:149.2,149.26 1 1
Go/forwardlist/forwardlist.go:149.26,152.3 2 0
Go/forwardlist/forwardlist.go:153.2,154.49 2 1
Go/forwardlist/forwardlist.go:154.49,156.3 1 1
Go/forwardlist/forwardlist.go:157.2,157.22 1 1
Go/forwardlist/forwardlist.go:157.22,160.26 3 1
Go/forwardlist/forwardlist.go:160.26,162.4 1 1
Go/forwardlist/forwardlist.go:163.3,164.14 2 1
Go/forwardlist/forwardlist.go:166.2,166.14 1 1
Go/forwardlist/forwardlist.go:169.48,170.18 1 1
Go/forwardlist/forwardlist.go:170.18,172.3 1 1
Go/forwardlist/forwardlist.go:173.2,173.25 1 1
Go/forwardlist/forwardlist.go:176.47,177.18 1 1
Go/forwardlist/forwardlist.go:177.18,179.3 1 1
Go/forwardlist/forwardlist.go:180.2,180.25 1 1
Go/forwardlist/forwardlist.go:183.57,185.16 2 1
Go/forwardlist/forwardlist.go:185.16,187.3 1 1
Go/forwardlist/forwardlist.go:188.2,188.22 1 1
Go/forwardlist/forwardlist.go:191.39,193.2 1 1
Go/forwardlist/forwardlist.go:195.35,197.2 1 1
Go/forwardlist/forwardlist.go:199.32,203.2 3 1
Go/forwardlist/forwardlist.go:205.59,207.16 2 1
Go/forwardlist/forwardlist.go:207.16,209.3 1 0
Go/forwardlist/forwardlist.go:210.2,212.81 2 1
Go/forwardlist/forwardlist.go:212.81,214.3 1 0
Go/forwardlist/forwardlist.go:216.2,217.21 2 1
Go/forwardlist/forwardlist.go:217.21,219.76 2 1
Go/forwardlist/forwardlist.go:219.76,221.4 1 0
Go/forwardlist/forwardlist.go:222.3,222.60 1 1
Go/forwardlist/forwardlist.go:222.60,224.4 1 0
Go/forwardlist/forwardlist.go:225.3,225.25 1 1
Go/forwardlist/forwardlist.go:227.2,227.12 1 1
Go/forwardlist/forwardlist.go:230.58,232.16 2 1
Go/forwardlist/forwardlist.go:232.16,234.3 1 1
Go/forwardlist/forwardlist.go:235.2,240.70 4 1
Go/forwardlist/forwardlist.go:240.70,242.3 1 1
Go/forwardlist/forwardlist.go:244.2,244.36 1 1
Go/forwardlist/forwardlist.go:244.36,246.76 2 1
Go/forwardlist/forwardlist.go:246.76,248.4 1 1
Go/forwardlist/forwardlist.go:249.3,250.48 2 1
Go/forwardlist/forwardlist.go:250.48,252.4 1 0
Go/forwardlist/forwardlist.go:253.3,253.32 1 1
Go/forwardlist/forwardlist.go:255.2,255.12 1 1
Go/forwardlist/forwardlist.go:258.57,260.16 2 1
Go/forwardlist/forwardlist.go:260.16,262.3 1 0
Go/forwardlist/forwardlist.go:263.2,265.62 2 1
Go/forwardlist/forwardlist.go:265.62,267.3 1 0
Go/forwardlist/forwardlist.go:269.2,270.21 2 1
Go/forwardlist/forwardlist.go:270.21,271.60 1 1
Go/forwardlist/forwardlist.go:271.60,273.4 1 0
Go/forwardlist/forwardlist.go:274.3,274.25 1 1
Go/forwardlist/forwardlist.go:276.2,276.12 1 1
Go/forwardlist/forwardlist.go:279.56,281.16 2 1
Go/forwardlist/forwardlist.go:281.16,283.3 1 1
Go/forwardlist/forwardlist.go:284.2,289.21 4 1
Go/forwardlist/forwardlist.go:289.21,291.3 1 0
Go/forwardlist/forwardlist.go:292.2,294.16 3 1
Go/forwardlist/forwardlist.go:294.16,296.3 1 1
Go/forwardlist/forwardlist.go:298.2,298.28 1 1
Go/forwardlist/forwardlist.go:298.28,299.22 1 1
Go/forwardlist/forwardlist.go:299.22,301.4 1 0
Go/forwardlist/forwardlist.go:302.3,302.30 1 1
Go/forwardlist/forwardlist.go:305.2,305.38 1 1
Go/forwardlist/forwardlist.go:305.38,307.3 1 0
Go/forwardlist/forwardlist.go:308.2,308.12 1 1
Go/forwardlist/forwardlist.go:311.32,312.18 1 1
Go/forwardlist/forwardlist.go:312.18,315.3 2 1
Go/forwardlist/forwardlist.go:316.2,317.21 2 1
Go/forwardlist/forwardlist.go:317.21,320.3 2 1
Go/forwardlist/forwardlist.go:321.2,321.15 1 1
Go/doublelist/doublelist.go:26.49,28.29 2 1
Go/doublelist/doublelist.go:28.29,30.3 1 1
Go/doublelist/doublelist.go:31.2,31.11 1 1
Go/doublelist/doublelist.go:34.69,36.15 2 1
Go/doublelist/doublelist.go:36.15,38.3 1 1
Go/doublelist/doublelist.go:39.2,39.35 1 1
Go/doublelist/doublelist.go:39.35,41.3 1 1
Go/doublelist/doublelist.go:42.2,42.12 1 1
Go/doublelist/doublelist.go:45.61,46.55 1 1
Go/doublelist/doublelist.go:46.55,48.3 1 1
Go/doublelist/doublelist.go:50.2,50.26 1 1
Go/doublelist/doublelist.go:50.26,52.30 2 1
Go/doublelist/doublelist.go:52.30,54.4 1 1
Go/doublelist/doublelist.go:55.3,55.22 1 1
Go/doublelist/doublelist.go:56.8,58.42 2 1
Go/doublelist/doublelist.go:58.42,60.4 1 1
Go/doublelist/doublelist.go:61.3,61.22 1 1
Go/doublelist/doublelist.go:65.61,66.55 1 1
Go/doublelist/doublelist.go:66.55,68.3 1 1
Go/doublelist/doublelist.go:70.2,71.16 2 1
Go/doublelist/doublelist.go:71.16,73.3 1 0
Go/doublelist/doublelist.go:75.2,79.25 4 1
Go/doublelist/doublelist.go:79.25,81.3 1 0
Go/doublelist/doublelist.go:81.8,83.3 1 1
Go/doublelist/doublelist.go:84.2,87.12 3 1
Go/doublelist/doublelist.go:90.62,91.16 1 1
Go/doublelist/doublelist.go:91.16,93.3 1 1
Go/doublelist/doublelist.go:94.2,94.34 1 1
Go/doublelist/doublelist.go:97.49,101.20 3 1
Go/doublelist/doublelist.go:101.20,103.3 1 1
Go/doublelist/doublelist.go:103.8,105.3 1 1
Go/doublelist/doublelist.go:106.2,108.12 3 1
Go/doublelist/doublelist.go:111.49,115.20 3 1
Go/doublelist/doublelist.go:115.20,117.3 1 1
Go/doublelist/doublelist.go:117.8,119.3 1 1
Go/doublelist/doublelist.go:120.2,122.12 3 1
Go/doublelist/doublelist.go:125.49,126.55 1 1
Go/doublelist/doublelist.go:126.55,128.3 1 1
Go/doublelist/doublelist.go:130.2,130.16 1 1
Go/doublelist/doublelist.go:130.16,132.3 1 1
Go/doublelist/doublelist.go:133.2,133.26 1 1
Go/doublelist/doublelist.go:133.26,135.3 1 1
Go/doublelist/doublelist.go:137.2,138.16 2 1
Go/doublelist/doublelist.go:138.16,140.3 1 0
Go/doublelist/doublelist.go:142.2,145.12 4 1
Go/doublelist/doublelist.go:148.42,149.20 1 1
Go/doublelist/doublelist.go:149.20,151.3 1 1
Go/doublelist/doublelist.go:153.2,156.20 3 1
Go/doublelist/doublelist.go:156.20,158.3 1 1
Go/doublelist/doublelist.go:158.8,160.3 1 1
Go/doublelist/doublelist.go:161.2,162.12 2 1
Go/doublelist/doublelist.go:165.42,166.20 1 1
Go/doublelist/doublelist.go:166.20,168.3 1 1
Go/doublelist/doublelist.go:170.2,173.20 3 1
Go/doublelist/doublelist.go:173.20,175.3 1 1
Go/doublelist/doublelist.go:175.8,177.3 1 1
Go/doublelist/doublelist.go:178.2,179.12 2 1
Go/doublelist/doublelist.go:182.55,186.21 3 1
Go/doublelist/doublelist.go:186.21,187.25 1 1
Go/doublelist/doublelist.go:187.25,189.4 1 1
Go/doublelist/doublelist.go:190.3,191.10 2 1
Go/doublelist/doublelist.go:193.2,193.49 1 0
Go/doublelist/doublelist.go:196.61,198.16 2 1
Go/doublelist/doublelist.go:198.16,200.3 1 1
Go/doublelist/doublelist.go:201.2,201.22 1 1
Go/doublelist/doublelist.go:204.61,206.16 2 1
Go/doublelist/doublelist.go:206.16,208.3 1 1
Go/doublelist/doublelist.go:209.2,209.43 1 1
Go/doublelist/doublelist.go:209.43,211.3 1 0
Go/doublelist/doublelist.go:212.2,212.19 1 1
Go/doublelist/doublelist.go:215.55,217.21 2 1
Go/doublelist/doublelist.go:217.21,218.25 1 1
Go/doublelist/doublelist.go:218.25,220.4 1 1
Go/doublelist/doublelist.go:221.3,221.25 1 1
Go/doublelist/doublelist.go:223.2,223.12 1 1
Go/doublelist/doublelist.go:226.38,228.2 1 1
Go/doublelist/doublelist.go:230.39,232.2 1 1
Go/doublelist/doublelist.go:234.31,238.2 3 1
Go/doublelist/doublelist.go:240.58,242.16 2 1
Go/doublelist/doublelist.go:242.16,244.3 1 0
Go/doublelist/doublelist.go:245.2,247.83 2 1
Go/doublelist/doublelist.go:247.83,249.3 1 0
Go/doublelist/doublelist.go:251.2,252.21 2 1
Go/doublelist/doublelist.go:252.21,254.76 2 1
Go/doublelist/doublelist.go:254.76,256.4 1 0
Go/doublelist/doublelist.go:257.3,257.60 1 1
Go/doublelist/doublelist.go:257.60,259.4 1 0
Go/doublelist/doublelist.go:260.3,260.25 1 1
Go/doublelist/doublelist.go:262.2,262.12 1 1
Go/doublelist/doublelist.go:265.57,267.16 2 1
Go/doublelist/doublelist.go:267.16,269.3 1 1
Go/doublelist/doublelist.go:270.2,275.75 4 1
Go/doublelist/doublelist.go:275.75,277.3 1 1
Go/doublelist/doublelist.go:279.2,279.41 1 1
Go/doublelist/doublelist.go:279.41,281.76 2 1
Go/doublelist/doublelist.go:281.76,283.4 1 1
Go/doublelist/doublelist.go:285.3,286.56 2 1
Go/doublelist/doublelist.go:286.56,288.4 1 0
Go/doublelist/doublelist.go:290.3,290.54 1 1
Go/doublelist/doublelist.go:290.54,292.4 1 0
Go/doublelist/doublelist.go:294.2,294.12 1 1
Go/doublelist/doublelist.go:297.56,299.16 2 1
Go/doublelist/doublelist.go:299.16,301.3 1 0
Go/doublelist/doublelist.go:302.2,307.66 4 1
Go/doublelist/doublelist.go:307.66,309.3 1 0
Go/doublelist/doublelist.go:311.2,312.21 2 1
Go/doublelist/doublelist.go:312.21,313.62 1 1
Go/doublelist/doublelist.go:313.62,315.4 1 0
Go/doublelist/doublelist.go:316.3,316.25 1 1
Go/doublelist/doublelist.go:318.2,318.12 1 1
Go/doublelist/doublelist.go:321.55,323.16 2 1
Go/doublelist/doublelist.go:323.16,325.3 1 1
Go/doublelist/doublelist.go:326.2,331.21 4 1
Go/doublelist/doublelist.go:331.21,333.3 1 0
Go/doublelist/doublelist.go:335.2,337.16 3 1
Go/doublelist/doublelist.go:337.16,339.3 1 1
Go/doublelist/doublelist.go:341.2,341.33 1 1
Go/doublelist/doublelist.go:341.33,342.22 1 1
Go/doublelist/doublelist.go:342.22,344.4 1 0
Go/doublelist/doublelist.go:345.3,346.41 2 1
Go/doublelist/doublelist.go:346.41,348.4 1 0
Go/doublelist/doublelist.go:350.2,350.12 1 1
Go/doublelist/doublelist.go:353.31,354.18 1 1
Go/doublelist/doublelist.go:354.18,357.3 2 1
Go/doublelist/doublelist.go:359.2,360.21 2 1
Go/doublelist/doublelist.go:360.21,362.26 2 1
Go/doublelist/doublelist.go:362.26,364.4 1 1
Go/doublelist/doublelist.go:365.3,365.25 1 1
Go/doublelist/doublelist.go:367.2,367.15 1 1
Go/stack/stack.go:25.24,30.2 1 1
Go/stack/stack.go:32.48,34.29 2 1
Go/stack/stack.go:34.29,36.3 1 1
Go/stack/stack.go:37.2,37.10 1 1
Go/stack/stack.go:40.41,41.24 1 1
Go/stack/stack.go:41.24,43.3 1 1
Go/stack/stack.go:45.2,51.12 4 1
Go/stack/stack.go:54.39,55.19 1 1
Go/stack/stack.go:55.19,57.3 1 1
Go/stack/stack.go:59.2,62.18 4 1
Go/stack/stack.go:65.32,67.2 1 1
Go/stack/stack.go:69.31,71.2 1 1
Go/stack/stack.go:73.52,75.16 2 1
Go/stack/stack.go:75.16,77.3 1 0
Go/stack/stack.go:78.2,80.79 2 1
Go/stack/stack.go:80.79,82.3 1 0
Go/stack/stack.go:84.2,85.21 2 1
Go/stack/stack.go:85.21,87.87 2 1
Go/stack/stack.go:87.87,89.4 1 0
Go/stack/stack.go:90.3,90.49 1 1
Go/stack/stack.go:90.49,92.4 1 0
Go/stack/stack.go:93.3,93.25 1 1
Go/stack/stack.go:96.2,96.12 1 1
Go/stack/stack.go:99.51,101.16 2 1
Go/stack/stack.go:101.16,103.3 1 1
Go/stack/stack.go:104.2,109.74 4 1
Go/stack/stack.go:109.74,111.3 1 1
Go/stack/stack.go:113.2,113.25 1 1
Go/stack/stack.go:113.25,115.3 1 1
Go/stack/stack.go:117.2,119.42 2 1
Go/stack/stack.go:119.42,121.76 2 1
Go/stack/stack.go:121.76,123.4 1 0
Go/stack/stack.go:125.3,126.56 2 1
Go/stack/stack.go:126.56,128.4 1 0
Go/stack/stack.go:129.3,129.34 1 1
Go/stack/stack.go:132.2,132.37 1 1
Go/stack/stack.go:132.37,133.46 1 1
Go/stack/stack.go:133.46,135.4 1 0
Go/stack/stack.go:138.2,138.12 1 1
Go/stack/stack.go:141.50,143.16 2 1
Go/stack/stack.go:143.16,145.3 1 0
Go/stack/stack.go:146.2,148.73 2 1
Go/stack/stack.go:148.73,150.3 1 0
Go/stack/stack.go:152.2,154.30 3 1
Go/stack/stack.go:154.30,157.3 2 1
Go/stack/stack.go:159.2,159.35 1 1
Go/stack/stack.go:159.35,160.62 1 1
Go/stack/stack.go:160.62,162.4 1 0
Go/stack/stack.go:165.2,165.12 1 1
Go/stack/stack.go:168.49,170.16 2 1
Go/stack/stack.go:170.16,172.3 1 1
Go/stack/stack.go:173.2,179.21 4 1
Go/stack/stack.go:179.21,181.3 1 0
Go/stack/stack.go:183.2,185.16 3 1
Go/stack/stack.go:185.16,187.3 1 1
Go/stack/stack.go:189.2,189.25 1 1
Go/stack/stack.go:189.25,191.3 1 1
Go/stack/stack.go:193.2,193.32 1 1
Go/stack/stack.go:193.32,194.22 1 1
Go/stack/stack.go:194.22,196.4 1 0
Go/stack/stack.go:197.3,198.41 2 1
Go/stack/stack.go:198.41,200.4 1 0
Go/stack/stack.go:203.2,203.22 1 1
Go/stack/stack.go:206.25,207.17 1 1
Go/stack/stack.go:207.17,210.3 2 1
Go/stack/stack.go:212.2,213.21 2 1
Go/stack/stack.go:213.21,216.3 2 1
Go/stack/stack.go:217.2,217.15 1 1
Go/stack/stack.go:220.25,223.2 2 1
Go/array/array.go:18.41,19.14 1 1
Go/array/array.go:19.14,21.3 1 1
Go/array/array.go:22.2,26.8 1 1
Go/array/array.go:29.55,30.20 1 1
Go/array/array.go:30.20,32.3 1 1
Go/array/array.go:33.2,34.29 2 1
Go/array/array.go:34.29,36.3 1 1
Go/array/array.go:37.2,37.15 1 1
Go/array/array.go:40.24,46.2 5 1
Go/array/array.go:48.55,49.33 1 1
Go/array/array.go:49.33,51.3 1 1
Go/array/array.go:52.2,52.27 1 1
Go/array/array.go:55.57,56.33 1 1
Go/array/array.go:56.33,58.3 1 1
Go/array/array.go:59.2,60.12 2 1
Go/array/array.go:63.48,64.33 1 1
Go/array/array.go:64.33,66.3 1 1
Go/array/array.go:67.2,67.35 1 1
Go/array/array.go:67.35,69.3 1 1
Go/array/array.go:70.2,71.12 2 1
Go/array/array.go:74.64,75.32 1 1
Go/array/array.go:75.32,77.3 1 1
Go/array/array.go:78.2,78.20 1 1
Go/array/array.go:78.20,80.3 1 1
Go/array/array.go:81.2,81.33 1 1
Go/array/array.go:81.33,83.3 1 1
Go/array/array.go:84.2,86.12 3 1
Go/array/array.go:89.43,90.20 1 1
Go/array/array.go:90.20,92.3 1 1
Go/array/array.go:93.2,94.9 2 1
Go/array/array.go:97.33,99.2 1 1
Go/array/array.go:101.35,103.2 1 1
Go/array/array.go:105.43,106.29 1 1
Go/array/array.go:106.29,107.23 1 1
Go/array/array.go:107.23,109.4 1 1
Go/array/array.go:111.2,111.11 1 1
Go/array/array.go:114.25,115.29 1 1
Go/array/array.go:115.29,116.12 1 1
Go/array/array.go:116.12,118.4 1 1
Go/array/array.go:119.3,119.23 1 1
Go/array/array.go:121.2,121.15 1 1
Go/array/array.go:124.52,126.16 2 1
Go/array/array.go:126.16,128.3 1 1
Go/array/array.go:129.2,131.79 2 1
Go/array/array.go:131.79,133.3 1 0
Go/array/array.go:135.2,135.29 1 1
Go/array/array.go:135.29,138.73 3 1
Go/array/array.go:138.73,140.4 1 0
Go/array/array.go:141.3,141.50 1 1
Go/array/array.go:141.50,143.4 1 0
Go/array/array.go:145.2,145.12 1 1
Go/array/array.go:148.51,150.16 2 1
Go/array/array.go:150.16,152.3 1 1
Go/array/array.go:153.2,156.72 3 1
Go/array/array.go:156.72,158.3 1 1
Go/array/array.go:160.2,161.17 2 1
Go/array/array.go:161.17,163.3 1 1
Go/array/array.go:164.2,168.38 4 1
Go/array/array.go:168.38,170.73 2 1
Go/array/array.go:170.73,172.4 1 1
Go/array/array.go:173.3,174.43 2 1
Go/array/array.go:174.43,176.4 1 0
Go/array/array.go:177.3,178.10 2 1
Go/array/array.go:180.2,180.12 1 1
Go/array/array.go:183.50,185.16 2 1
Go/array/array.go:185.16,187.3 1 1
Go/array/array.go:188.2,193.62 4 1
Go/array/array.go:193.62,195.3 1 0
Go/array/array.go:197.2,197.29 1 1
Go/array/array.go:197.29,198.60 1 1
Go/array/array.go:198.60,200.4 1 0
Go/array/array.go:202.2,202.12 1 1
Go/array/array.go:205.49,207.16 2 1
Go/array/array.go:207.16,209.3 1 1
Go/array/array.go:210.2,213.21 3 1
Go/array/array.go:213.21,215.3 1 1
Go/array/array.go:216.2,218.16 3 1
Go/array/array.go:218.16,220.3 1 1
Go/array/array.go:222.2,223.17 2 1
Go/array/array.go:223.17,225.3 1 1
Go/array/array.go:226.2,230.30 4 1
Go/array/array.go:230.30,231.22 1 1
Go/array/array.go:231.22,233.4 1 1
Go/array/array.go:234.3,235.10 2 1
Go/array/array.go:237.2,237.12 1 1
Go/queue/queue.go:27.24,34.2 1 1
Go/queue/queue.go:36.48,38.29 2 1
Go/queue/queue.go:38.29,40.3 1 1
Go/queue/queue.go:41.2,41.10 1 1
Go/queue/queue.go:44.45,45.25 1 1
Go/queue/queue.go:45.25,47.3 1 1
Go/queue/queue.go:49.2,55.17 2 1
Go/queue/queue.go:55.17,58.3 2 1
Go/queue/queue.go:58.8,61.3 2 1
Go/queue/queue.go:62.2,63.12 2 1
Go/queue/queue.go:66.43,67.17 1 1
Go/queue/queue.go:67.17,69.3 1 1
Go/queue/queue.go:71.2,72.17 2 1
Go/queue/queue.go:72.17,75.3 2 1
Go/queue/queue.go:75.8,79.3 3 1
Go/queue/queue.go:80.2,81.18 2 1
Go/queue/queue.go:84.33,86.44 2 1
Go/queue/queue.go:86.44,88.3 1 1
Go/queue/queue.go:90.2,90.20 1 1
Go/queue/queue.go:90.20,92.3 1 1
Go/queue/queue.go:94.2,94.25 1 1
Go/queue/queue.go:94.25,96.3 1 1
Go/queue/queue.go:96.8,98.3 1 1
Go/queue/queue.go:100.2,100.25 1 1
Go/queue/queue.go:100.25,102.3 1 1
Go/queue/queue.go:102.8,104.3 1 1
Go/queue/queue.go:106.2,106.10 1 1
Go/queue/queue.go:109.28,111.2 1 1
Go/queue/queue.go:113.30,115.2 1 1
Go/queue/queue.go:117.25,121.2 3 1
Go/queue/queue.go:123.52,125.16 2 1
Go/queue/queue.go:125.16,127.3 1 1
Go/queue/queue.go:128.2,130.80 2 1
Go/queue/queue.go:130.80,132.3 1 0
Go/queue/queue.go:134.2,135.21 2 1
Go/queue/queue.go:135.21,138.76 3 1
Go/queue/queue.go:138.76,140.4 1 0
Go/queue/queue.go:141.3,141.52 1 1
Go/queue/queue.go:141.52,143.4 1 0
Go/queue/queue.go:144.3,144.25 1 1
Go/queue/queue.go:147.2,147.12 1 1
Go/queue/queue.go:150.51,152.16 2 1
Go/queue/queue.go:152.16,154.3 1 1
Go/queue/queue.go:155.2,160.70 4 1
Go/queue/queue.go:160.70,162.3 1 1
Go/queue/queue.go:164.2,164.30 1 1
Go/queue/queue.go:164.30,166.3 1 1
Go/queue/queue.go:168.2,168.36 1 1
Go/queue/queue.go:168.36,170.76 2 1
Go/queue/queue.go:170.76,172.4 1 0
Go/queue/queue.go:174.3,175.48 2 1
Go/queue/queue.go:175.48,177.4 1 0
Go/queue/queue.go:179.3,179.53 1 1
Go/queue/queue.go:179.53,181.4 1 0
Go/queue/queue.go:184.2,184.12 1 1
Go/queue/queue.go:187.50,189.16 2 1
Go/queue/queue.go:189.16,191.3 1 1
Go/queue/queue.go:192.2,194.61 2 1
Go/queue/queue.go:194.61,196.3 1 0
Go/queue/queue.go:198.2,199.21 2 1
Go/queue/queue.go:199.21,200.61 1 1
Go/queue/queue.go:200.61,202.4 1 0
Go/queue/queue.go:203.3,203.25 1 1
Go/queue/queue.go:206.2,206.12 1 1
Go/queue/queue.go:209.49,211.16 2 1
Go/queue/queue.go:211.16,213.3 1 1
Go/queue/queue.go:214.2,219.21 4 1
Go/queue/queue.go:219.21,221.3 1 1
Go/queue/queue.go:223.2,225.16 3 1
Go/queue/queue.go:225.16,227.3 1 1
Go/queue/queue.go:229.2,229.22 1 1
Go/queue/queue.go:229.22,231.3 1 1
Go/queue/queue.go:233.2,233.28 1 1
Go/queue/queue.go:233.28,234.22 1 1
Go/queue/queue.go:234.22,236.4 1 0
Go/queue/queue.go:237.3,238.42 2 1
Go/queue/queue.go:238.42,240.4 1 0
Go/queue/queue.go:243.2,243.38 1 1
Go/queue/queue.go:243.38,245.3 1 0
Go/queue/queue.go:247.2,247.12 1 1
Go/queue/queue.go:250.25,251.17 1 1
Go/queue/queue.go:251.17,254.3 2 1
Go/queue/queue.go:256.2,257.21 2 1
Go/queue/queue.go:257.21,260.3 2 1
Go/queue/queue.go:261.2,261.15 1 1
